2025-08-03 16:30:47 [main] INFO  c.c.talent.TalentPortraitApplication - Starting TalentPortraitApplication using Java 17.0.15 on runtime-haarrapsdvfhtche-5765796447-jtbnb with PID 5773 (/workspace/project/talent-portrait/talent-portrait-system/talent-api/target/talent-portrait-api.jar started by root in /workspace/project/talent-portrait/talent-portrait-system/talent-api)
2025-08-03 16:30:47 [main] DEBUG c.c.talent.TalentPortraitApplication - Running with Spring Boot v2.7.14, Spring v5.3.29
2025-08-03 16:30:47 [main] INFO  c.c.talent.TalentPortraitApplication - The following 1 profile is active: "dev"
2025-08-03 16:30:48 [main] INFO  o.s.d.r.c.RepositoryConfigurationDelegate - Multiple Spring Data modules found, entering strict repository configuration mode
2025-08-03 16:30:48 [main] INFO  o.s.d.r.c.RepositoryConfigurationDelegate - Bootstrapping Spring Data Redis repositories in DEFAULT mode.
2025-08-03 16:30:48 [main] INFO  o.s.d.r.c.RepositoryConfigurationDelegate - Finished Spring Data repository scanning in 13 ms. Found 0 Redis repository interfaces.
2025-08-03 16:30:49 [main] INFO  o.s.c.s.PostProcessorRegistrationDelegate$BeanPostProcessorChecker - Bean 'redisConfig' of type [com.cgn.talent.common.config.RedisConfig$$EnhancerBySpringCGLIB$$6415e003] is not eligible for getting processed by all BeanPostProcessors (for example: not eligible for auto-proxying)
2025-08-03 16:30:49 [main] INFO  o.s.b.w.e.tomcat.TomcatWebServer - Tomcat initialized with port(s): 8088 (http)
2025-08-03 16:30:49 [main] INFO  o.a.catalina.core.StandardService - Starting service [Tomcat]
2025-08-03 16:30:49 [main] INFO  o.a.catalina.core.StandardEngine - Starting Servlet engine: [Apache Tomcat/9.0.78]
2025-08-03 16:30:49 [main] INFO  o.a.c.c.C.[.[localhost].[/api] - Initializing Spring embedded WebApplicationContext
2025-08-03 16:30:49 [main] INFO  o.s.b.w.s.c.ServletWebServerApplicationContext - Root WebApplicationContext: initialization completed in 2058 ms
2025-08-03 16:30:49 [main] INFO  c.a.d.s.b.a.DruidDataSourceAutoConfigure - Init DruidDataSource
2025-08-03 16:30:49 [main] INFO  c.alibaba.druid.pool.DruidDataSource - {dataSource-1} inited
2025-08-03 16:30:50 [main] WARN  c.b.m.c.injector.DefaultSqlInjector - class com.cgn.talent.core.entity.PersonMaintenance ,Not found @TableId annotation, Cannot use Mybatis-Plus 'xxById' Method.
2025-08-03 16:30:51 [main] INFO  o.s.b.a.e.web.EndpointLinksResolver - Exposing 1 endpoint(s) beneath base path '/actuator'
2025-08-03 16:30:52 [main] INFO  o.s.b.w.e.tomcat.TomcatWebServer - Tomcat started on port(s): 8088 (http) with context path '/api'
2025-08-03 16:30:52 [main] INFO  c.c.talent.TalentPortraitApplication - Started TalentPortraitApplication in 5.458 seconds (JVM running for 6.071)
2025-08-03 16:30:52 [main] INFO  c.c.talent.TalentPortraitApplication - 
----------------------------------------------------------
	核电科技人才画像系统启动成功! Access URLs:
	Local: 		http://localhost:8088/api/
	External: 	http://10.2.11.34:8088/api/
	Swagger文档: 	http://10.2.11.34:8088/api/doc.html
----------------------------------------------------------
2025-08-03 16:31:13 [main] INFO  c.c.talent.TalentPortraitApplication - Starting TalentPortraitApplication using Java 17.0.15 on runtime-haarrapsdvfhtche-5765796447-jtbnb with PID 6158 (/workspace/project/talent-portrait/talent-portrait-system/talent-api/target/talent-portrait-api.jar started by root in /workspace/project/talent-portrait/talent-portrait-system/talent-api)
2025-08-03 16:31:13 [main] DEBUG c.c.talent.TalentPortraitApplication - Running with Spring Boot v2.7.14, Spring v5.3.29
2025-08-03 16:31:13 [main] INFO  c.c.talent.TalentPortraitApplication - The following 1 profile is active: "dev"
2025-08-03 16:31:15 [main] INFO  o.s.d.r.c.RepositoryConfigurationDelegate - Multiple Spring Data modules found, entering strict repository configuration mode
2025-08-03 16:31:15 [main] INFO  o.s.d.r.c.RepositoryConfigurationDelegate - Bootstrapping Spring Data Redis repositories in DEFAULT mode.
2025-08-03 16:31:15 [main] INFO  o.s.d.r.c.RepositoryConfigurationDelegate - Finished Spring Data repository scanning in 11 ms. Found 0 Redis repository interfaces.
2025-08-03 16:31:15 [main] INFO  o.s.c.s.PostProcessorRegistrationDelegate$BeanPostProcessorChecker - Bean 'redisConfig' of type [com.cgn.talent.common.config.RedisConfig$$EnhancerBySpringCGLIB$$10da9c01] is not eligible for getting processed by all BeanPostProcessors (for example: not eligible for auto-proxying)
2025-08-03 16:31:15 [main] INFO  o.s.b.w.e.tomcat.TomcatWebServer - Tomcat initialized with port(s): 8088 (http)
2025-08-03 16:31:15 [main] INFO  o.a.catalina.core.StandardService - Starting service [Tomcat]
2025-08-03 16:31:15 [main] INFO  o.a.catalina.core.StandardEngine - Starting Servlet engine: [Apache Tomcat/9.0.78]
2025-08-03 16:31:15 [main] INFO  o.a.c.c.C.[.[localhost].[/api] - Initializing Spring embedded WebApplicationContext
2025-08-03 16:31:15 [main] INFO  o.s.b.w.s.c.ServletWebServerApplicationContext - Root WebApplicationContext: initialization completed in 2002 ms
2025-08-03 16:31:15 [main] INFO  c.a.d.s.b.a.DruidDataSourceAutoConfigure - Init DruidDataSource
2025-08-03 16:31:16 [main] INFO  c.alibaba.druid.pool.DruidDataSource - {dataSource-1} inited
2025-08-03 16:31:17 [main] WARN  c.b.m.c.injector.DefaultSqlInjector - class com.cgn.talent.core.entity.PersonMaintenance ,Not found @TableId annotation, Cannot use Mybatis-Plus 'xxById' Method.
2025-08-03 16:31:18 [main] INFO  o.s.b.a.e.web.EndpointLinksResolver - Exposing 1 endpoint(s) beneath base path '/actuator'
2025-08-03 16:31:18 [main] WARN  o.s.b.w.s.c.AnnotationConfigServletWebServerApplicationContext - Exception encountered during context initialization - cancelling refresh attempt: org.springframework.context.ApplicationContextException: Failed to start bean 'webServerStartStop'; nested exception is org.springframework.boot.web.server.PortInUseException: Port 8088 is already in use
2025-08-03 16:31:18 [main] INFO  c.alibaba.druid.pool.DruidDataSource - {dataSource-1} closing ...
2025-08-03 16:31:18 [main] INFO  c.alibaba.druid.pool.DruidDataSource - {dataSource-1} closed
2025-08-03 16:31:18 [main] INFO  o.a.catalina.core.StandardService - Stopping service [Tomcat]
2025-08-03 16:31:18 [main] INFO  o.s.b.a.l.ConditionEvaluationReportLoggingListener - 

Error starting ApplicationContext. To display the conditions report re-run your application with 'debug' enabled.
2025-08-03 16:31:18 [main] ERROR o.s.b.d.LoggingFailureAnalysisReporter - 

***************************
APPLICATION FAILED TO START
***************************

Description:

Web server failed to start. Port 8088 was already in use.

Action:

Identify and stop the process that's listening on port 8088 or configure this application to listen on another port.

2025-08-03 16:31:20 [http-nio-0.0.0.0-8088-exec-1] INFO  o.a.c.c.C.[.[localhost].[/api] - Initializing Spring DispatcherServlet 'dispatcherServlet'
2025-08-03 16:31:20 [http-nio-0.0.0.0-8088-exec-1] INFO  o.s.web.servlet.DispatcherServlet - Initializing Servlet 'dispatcherServlet'
2025-08-03 16:31:20 [http-nio-0.0.0.0-8088-exec-1] INFO  o.s.web.servlet.DispatcherServlet - Completed initialization in 1 ms
2025-08-03 16:31:44 [main] INFO  c.c.talent.TalentPortraitApplication - Starting TalentPortraitApplication using Java 17.0.15 on runtime-haarrapsdvfhtche-5765796447-jtbnb with PID 6533 (/workspace/project/talent-portrait/talent-portrait-system/talent-api/target/talent-portrait-api.jar started by root in /workspace/project/talent-portrait/talent-portrait-system/talent-api)
2025-08-03 16:31:44 [main] DEBUG c.c.talent.TalentPortraitApplication - Running with Spring Boot v2.7.14, Spring v5.3.29
2025-08-03 16:31:44 [main] INFO  c.c.talent.TalentPortraitApplication - The following 1 profile is active: "dev"
2025-08-03 16:31:45 [main] INFO  o.s.d.r.c.RepositoryConfigurationDelegate - Multiple Spring Data modules found, entering strict repository configuration mode
2025-08-03 16:31:45 [main] INFO  o.s.d.r.c.RepositoryConfigurationDelegate - Bootstrapping Spring Data Redis repositories in DEFAULT mode.
2025-08-03 16:31:45 [main] INFO  o.s.d.r.c.RepositoryConfigurationDelegate - Finished Spring Data repository scanning in 12 ms. Found 0 Redis repository interfaces.
2025-08-03 16:31:46 [main] INFO  o.s.c.s.PostProcessorRegistrationDelegate$BeanPostProcessorChecker - Bean 'redisConfig' of type [com.cgn.talent.common.config.RedisConfig$$EnhancerBySpringCGLIB$$8004154f] is not eligible for getting processed by all BeanPostProcessors (for example: not eligible for auto-proxying)
2025-08-03 16:31:46 [main] INFO  o.s.b.w.e.tomcat.TomcatWebServer - Tomcat initialized with port(s): 8088 (http)
2025-08-03 16:31:46 [main] INFO  o.a.catalina.core.StandardService - Starting service [Tomcat]
2025-08-03 16:31:46 [main] INFO  o.a.catalina.core.StandardEngine - Starting Servlet engine: [Apache Tomcat/9.0.78]
2025-08-03 16:31:46 [main] INFO  o.a.c.c.C.[.[localhost].[/api] - Initializing Spring embedded WebApplicationContext
2025-08-03 16:31:46 [main] INFO  o.s.b.w.s.c.ServletWebServerApplicationContext - Root WebApplicationContext: initialization completed in 1979 ms
2025-08-03 16:31:46 [main] INFO  c.a.d.s.b.a.DruidDataSourceAutoConfigure - Init DruidDataSource
2025-08-03 16:31:47 [main] INFO  c.alibaba.druid.pool.DruidDataSource - {dataSource-1} inited
2025-08-03 16:31:48 [main] WARN  c.b.m.c.injector.DefaultSqlInjector - class com.cgn.talent.core.entity.PersonMaintenance ,Not found @TableId annotation, Cannot use Mybatis-Plus 'xxById' Method.
2025-08-03 16:31:49 [main] INFO  o.s.b.a.e.web.EndpointLinksResolver - Exposing 1 endpoint(s) beneath base path '/actuator'
2025-08-03 16:31:49 [main] INFO  o.s.b.w.e.tomcat.TomcatWebServer - Tomcat started on port(s): 8088 (http) with context path '/api'
2025-08-03 16:31:49 [main] INFO  c.c.talent.TalentPortraitApplication - Started TalentPortraitApplication in 5.357 seconds (JVM running for 5.937)
2025-08-03 16:31:49 [main] INFO  c.c.talent.TalentPortraitApplication - 
----------------------------------------------------------
	核电科技人才画像系统启动成功! Access URLs:
	Local: 		http://localhost:8088/api/
	External: 	http://10.2.11.34:8088/api/
	Swagger文档: 	http://10.2.11.34:8088/api/doc.html
----------------------------------------------------------
2025-08-03 16:31:56 [http-nio-0.0.0.0-8088-exec-1] INFO  o.a.c.c.C.[.[localhost].[/api] - Initializing Spring DispatcherServlet 'dispatcherServlet'
2025-08-03 16:31:56 [http-nio-0.0.0.0-8088-exec-1] INFO  o.s.web.servlet.DispatcherServlet - Initializing Servlet 'dispatcherServlet'
2025-08-03 16:31:56 [http-nio-0.0.0.0-8088-exec-1] INFO  o.s.web.servlet.DispatcherServlet - Completed initialization in 1 ms
2025-08-03 16:33:57 [http-nio-0.0.0.0-8088-exec-8] WARN  o.s.web.servlet.PageNotFound - No mapping for GET /api/core/portrait/person/1
2025-08-03 16:40:18 [http-nio-0.0.0.0-8088-exec-12] WARN  o.s.web.servlet.PageNotFound - No mapping for GET /api/core/portrait/person/1
2025-08-03 16:44:22 [http-nio-0.0.0.0-8088-exec-15] WARN  o.s.web.servlet.PageNotFound - No mapping for GET /api/core/portrait/person/1
2025-08-03 16:45:05 [http-nio-0.0.0.0-8088-exec-19] WARN  o.s.web.servlet.PageNotFound - No mapping for GET /api/core/portrait/person/1
2025-08-03 16:45:12 [SpringApplicationShutdownHook] INFO  c.alibaba.druid.pool.DruidDataSource - {dataSource-1} closing ...
2025-08-03 16:45:12 [SpringApplicationShutdownHook] INFO  c.alibaba.druid.pool.DruidDataSource - {dataSource-1} closed
