nohup: ignoring input

  .   ____          _            __ _ _
 /\\ / ___'_ __ _ _(_)_ __  __ _ \ \ \ \
( ( )\___ | '_ | '_| | '_ \/ _` | \ \ \ \
 \\/  ___)| |_)| | | | | || (_| |  ) ) ) )
  '  |____| .__|_| |_|_| |_\__, | / / / /
 =========|_|==============|___/=/_/_/_/
 :: Spring Boot ::               (v2.7.14)

2025-08-03 16:57:49 - Starting TalentPortraitApplication using Java 17.0.15 on runtime-haarrapsdvfhtche-5765796447-jtbnb with PID 18400 (/workspace/project/talent-portrait/talent-portrait-system/talent-api/target/talent-portrait-api.jar started by root in /workspace/project/talent-portrait/talent-portrait-system)
2025-08-03 16:57:49 - Running with Spring Boot v2.7.14, Spring v5.3.29
2025-08-03 16:57:49 - The following 1 profile is active: "dev"
2025-08-03 16:57:51 - Multiple Spring Data modules found, entering strict repository configuration mode
2025-08-03 16:57:51 - Bootstrapping Spring Data Redis repositories in DEFAULT mode.
2025-08-03 16:57:51 - Finished Spring Data repository scanning in 15 ms. Found 0 Redis repository interfaces.
2025-08-03 16:57:51 - Bean 'redisConfig' of type [com.cgn.talent.common.config.RedisConfig$$EnhancerBySpringCGLIB$$6415e003] is not eligible for getting processed by all BeanPostProcessors (for example: not eligible for auto-proxying)
2025-08-03 16:57:52 - Tomcat initialized with port(s): 8088 (http)
2025-08-03 16:57:52 - Starting service [Tomcat]
2025-08-03 16:57:52 - Starting Servlet engine: [Apache Tomcat/9.0.78]
2025-08-03 16:57:52 - Initializing Spring embedded WebApplicationContext
2025-08-03 16:57:52 - Root WebApplicationContext: initialization completed in 2392 ms
2025-08-03 16:57:52 - Init DruidDataSource
2025-08-03 16:57:53 - {dataSource-1} inited
Logging initialized using 'class org.apache.ibatis.logging.stdout.StdOutImpl' adapter.
Registered plugin: 'com.baomidou.mybatisplus.extension.plugins.MybatisPlusInterceptor@652ce654'
Parsed mapper file: 'URL [jar:file:/workspace/project/talent-portrait/talent-portrait-system/talent-api/target/talent-portrait-api.jar!/BOOT-INF/lib/talent-system-1.0.0.jar!/mapper/SysDictDataMapper.xml]'
Parsed mapper file: 'URL [jar:file:/workspace/project/talent-portrait/talent-portrait-system/talent-api/target/talent-portrait-api.jar!/BOOT-INF/lib/talent-system-1.0.0.jar!/mapper/TeamInfoMapper.xml]'
Parsed mapper file: 'URL [jar:file:/workspace/project/talent-portrait/talent-portrait-system/talent-api/target/talent-portrait-api.jar!/BOOT-INF/lib/talent-system-1.0.0.jar!/mapper/SysDictTypeMapper.xml]'
Parsed mapper file: 'URL [jar:file:/workspace/project/talent-portrait/talent-portrait-system/talent-api/target/talent-portrait-api.jar!/BOOT-INF/lib/talent-core-1.0.0.jar!/mapper/PersonInfluenceMapper.xml]'
Parsed mapper file: 'URL [jar:file:/workspace/project/talent-portrait/talent-portrait-system/talent-api/target/talent-portrait-api.jar!/BOOT-INF/lib/talent-core-1.0.0.jar!/mapper/PersonSkillMapper.xml]'
Parsed mapper file: 'URL [jar:file:/workspace/project/talent-portrait/talent-portrait-system/talent-api/target/talent-portrait-api.jar!/BOOT-INF/lib/talent-core-1.0.0.jar!/mapper/PersonEvaluationMapper.xml]'
Can not find table primary key in Class: "com.cgn.talent.core.entity.PersonMaintenance".
2025-08-03 16:57:54 - class com.cgn.talent.core.entity.PersonMaintenance ,Not found @TableId annotation, Cannot use Mybatis-Plus 'xxById' Method.
Parsed mapper file: 'URL [jar:file:/workspace/project/talent-portrait/talent-portrait-system/talent-api/target/talent-portrait-api.jar!/BOOT-INF/lib/talent-core-1.0.0.jar!/mapper/PersonMaintenanceMapper.xml]'
Parsed mapper file: 'URL [jar:file:/workspace/project/talent-portrait/talent-portrait-system/talent-api/target/talent-portrait-api.jar!/BOOT-INF/lib/talent-core-1.0.0.jar!/mapper/PersonInnovationMapper.xml]'
Parsed mapper file: 'URL [jar:file:/workspace/project/talent-portrait/talent-portrait-system/talent-api/target/talent-portrait-api.jar!/BOOT-INF/lib/talent-core-1.0.0.jar!/mapper/PersonInfoMapper.xml]'
Parsed mapper file: 'URL [jar:file:/workspace/project/talent-portrait/talent-portrait-system/talent-api/target/talent-portrait-api.jar!/BOOT-INF/lib/talent-core-1.0.0.jar!/mapper/PersonProjectMapper.xml]'
Parsed mapper file: 'URL [jar:file:/workspace/project/talent-portrait/talent-portrait-system/talent-api/target/talent-portrait-api.jar!/BOOT-INF/lib/talent-core-1.0.0.jar!/mapper/PersonPerformanceMapper.xml]'
 _ _   |_  _ _|_. ___ _ |    _ 
| | |\/|_)(_| | |_\  |_)||_|_\ 
     /               |         
                        3.5.3.1 
2025-08-03 16:57:55 - Exposing 1 endpoint(s) beneath base path '/actuator'
2025-08-03 16:57:55 - Tomcat started on port(s): 8088 (http) with context path '/api'
2025-08-03 16:57:55 - Started TalentPortraitApplication in 6.193 seconds (JVM running for 6.87)
2025-08-03 16:57:55 - 
----------------------------------------------------------
	核电科技人才画像系统启动成功! Access URLs:
	Local: 		http://localhost:8088/api/
	External: 	http://10.2.11.34:8088/api/
	Swagger文档: 	http://10.2.11.34:8088/api/doc.html
----------------------------------------------------------
2025-08-03 16:58:04 - Initializing Spring DispatcherServlet 'dispatcherServlet'
2025-08-03 16:58:04 - Initializing Servlet 'dispatcherServlet'
2025-08-03 16:58:04 - Completed initialization in 1 ms
Creating a new SqlSession
SqlSession [org.apache.ibatis.session.defaults.DefaultSqlSession@79a38de0] was not registered for synchronization because synchronization is not active
JDBC Connection [com.mysql.cj.jdbc.ConnectionImpl@41b7f155] will not be managed by Spring
==>  Preparing: SELECT id,parent_id,team_code,team_name,team_type,leader_id,ancestors,order_num,status,del_flag,create_by,create_time,update_by,update_time,remark FROM team_info WHERE id=? AND del_flag='0'
==> Parameters: 1(Long)
<==    Columns: id, parent_id, team_code, team_name, team_type, leader_id, ancestors, order_num, status, del_flag, create_by, create_time, update_by, update_time, remark
<==        Row: 1, 0, T001, 核电技术研发中心, department, null, 0, 1, 0, 0, admin, 2025-08-03 16:39:20, null, null, 核电技术研发中心
<==      Total: 1
Closing non transactional SqlSession [org.apache.ibatis.session.defaults.DefaultSqlSession@79a38de0]
Creating a new SqlSession
SqlSession [org.apache.ibatis.session.defaults.DefaultSqlSession@f6ecdc8] was not registered for synchronization because synchronization is not active
JDBC Connection [com.mysql.cj.jdbc.ConnectionImpl@41b7f155] will not be managed by Spring
==>  Preparing: SELECT id,person_code,person_name,gender,birth_date,id_card,phone,email,education,degree,graduate_school,major,work_start_date,join_date,job_title,job_level,position,team_id,work_location,employment_type,political_status,photo_url,status,del_flag,create_by,create_time,update_by,update_time,remark FROM person_info WHERE del_flag='0' AND (team_id = ?)
==> Parameters: 1(Long)
<==    Columns: id, person_code, person_name, gender, birth_date, id_card, phone, email, education, degree, graduate_school, major, work_start_date, join_date, job_title, job_level, position, team_id, work_location, employment_type, political_status, photo_url, status, del_flag, create_by, create_time, update_by, update_time, remark
<==        Row: 6, NP006, 赵军, 1, 1983-09-25, 110101198309250006, 13800138006, zhaojun@cgn.com.cn, 博士, 工学博士, 北京理工大学, 核科学与技术, 2008-07-01, 2009-01-01, 资深工程师, P8, 技术总监, 1, 深圳, 正式员工, 中共党员, null, 0, 0, admin, 2025-08-03 16:39:20, null, null, 技术总监
<==        Row: 10, NP010, 郑华, 1, 1984-06-12, 110101198406120010, 13800138010, zhenghua@cgn.com.cn, 博士, 工学博士, 中南大学, 核科学与技术, 2009-07-01, 2010-01-01, 资深工程师, P8, 研发总监, 1, 深圳, 正式员工, 中共党员, null, 0, 0, admin, 2025-08-03 16:39:20, null, null, 研发总监
<==      Total: 2
Closing non transactional SqlSession [org.apache.ibatis.session.defaults.DefaultSqlSession@f6ecdc8]
Creating a new SqlSession
SqlSession [org.apache.ibatis.session.defaults.DefaultSqlSession@5dcb8159] was not registered for synchronization because synchronization is not active
JDBC Connection [com.mysql.cj.jdbc.ConnectionImpl@41b7f155] will not be managed by Spring
==>  Preparing: SELECT id,person_id,skill_type,skill_name,skill_level,experience_years,certification,description,create_by,create_time,update_by,update_time,remark FROM person_skill WHERE (person_id IN (?,?))
==> Parameters: 6(Long), 10(Long)
Closing non transactional SqlSession [org.apache.ibatis.session.defaults.DefaultSqlSession@5dcb8159]
2025-08-03 16:58:05 - 系统异常，请求路径：/api/core/portrait/team/1，异常信息：
org.springframework.jdbc.BadSqlGrammarException: 
### Error querying database.  Cause: java.sql.SQLSyntaxErrorException: Unknown column 'remark' in 'SELECT'
### The error may exist in com/cgn/talent/core/mapper/PersonSkillMapper.java (best guess)
### The error may involve defaultParameterMap
### The error occurred while setting parameters
### SQL: SELECT  id,person_id,skill_type,skill_name,skill_level,experience_years,certification,description,create_by,create_time,update_by,update_time,remark  FROM person_skill     WHERE (person_id IN (?,?))
### Cause: java.sql.SQLSyntaxErrorException: Unknown column 'remark' in 'SELECT'
; bad SQL grammar []; nested exception is java.sql.SQLSyntaxErrorException: Unknown column 'remark' in 'SELECT'
	at org.springframework.jdbc.support.SQLErrorCodeSQLExceptionTranslator.doTranslate(SQLErrorCodeSQLExceptionTranslator.java:239)
	at org.springframework.jdbc.support.AbstractFallbackSQLExceptionTranslator.translate(AbstractFallbackSQLExceptionTranslator.java:70)
	at org.mybatis.spring.MyBatisExceptionTranslator.translateExceptionIfPossible(MyBatisExceptionTranslator.java:91)
	at org.mybatis.spring.SqlSessionTemplate$SqlSessionInterceptor.invoke(SqlSessionTemplate.java:441)
	at jdk.proxy2/jdk.proxy2.$Proxy109.selectList(Unknown Source)
	at org.mybatis.spring.SqlSessionTemplate.selectList(SqlSessionTemplate.java:224)
	at com.baomidou.mybatisplus.core.override.MybatisMapperMethod.executeForMany(MybatisMapperMethod.java:166)
	at com.baomidou.mybatisplus.core.override.MybatisMapperMethod.execute(MybatisMapperMethod.java:77)
	at com.baomidou.mybatisplus.core.override.MybatisMapperProxy$PlainMethodInvoker.invoke(MybatisMapperProxy.java:148)
	at com.baomidou.mybatisplus.core.override.MybatisMapperProxy.invoke(MybatisMapperProxy.java:89)
	at jdk.proxy2/jdk.proxy2.$Proxy122.selectList(Unknown Source)
	at com.cgn.talent.core.service.impl.PortraitServiceImpl.buildSkillDistribution(PortraitServiceImpl.java:329)
	at com.cgn.talent.core.service.impl.PortraitServiceImpl.getTeamPortrait(PortraitServiceImpl.java:245)
	at com.cgn.talent.core.controller.PortraitController.getTeamPortrait(PortraitController.java:36)
	at java.base/jdk.internal.reflect.NativeMethodAccessorImpl.invoke0(Native Method)
	at java.base/jdk.internal.reflect.NativeMethodAccessorImpl.invoke(NativeMethodAccessorImpl.java:77)
	at java.base/jdk.internal.reflect.DelegatingMethodAccessorImpl.invoke(DelegatingMethodAccessorImpl.java:43)
	at java.base/java.lang.reflect.Method.invoke(Method.java:569)
	at org.springframework.web.method.support.InvocableHandlerMethod.doInvoke(InvocableHandlerMethod.java:205)
	at org.springframework.web.method.support.InvocableHandlerMethod.invokeForRequest(InvocableHandlerMethod.java:150)
	at org.springframework.web.servlet.mvc.method.annotation.ServletInvocableHandlerMethod.invokeAndHandle(ServletInvocableHandlerMethod.java:117)
	at org.springframework.web.servlet.mvc.method.annotation.RequestMappingHandlerAdapter.invokeHandlerMethod(RequestMappingHandlerAdapter.java:895)
	at org.springframework.web.servlet.mvc.method.annotation.RequestMappingHandlerAdapter.handleInternal(RequestMappingHandlerAdapter.java:808)
	at org.springframework.web.servlet.mvc.method.AbstractHandlerMethodAdapter.handle(AbstractHandlerMethodAdapter.java:87)
	at org.springframework.web.servlet.DispatcherServlet.doDispatch(DispatcherServlet.java:1072)
	at org.springframework.web.servlet.DispatcherServlet.doService(DispatcherServlet.java:965)
	at org.springframework.web.servlet.FrameworkServlet.processRequest(FrameworkServlet.java:1006)
	at org.springframework.web.servlet.FrameworkServlet.doGet(FrameworkServlet.java:898)
	at javax.servlet.http.HttpServlet.service(HttpServlet.java:529)
	at org.springframework.web.servlet.FrameworkServlet.service(FrameworkServlet.java:883)
	at javax.servlet.http.HttpServlet.service(HttpServlet.java:623)
	at org.apache.catalina.core.ApplicationFilterChain.internalDoFilter(ApplicationFilterChain.java:209)
	at org.apache.catalina.core.ApplicationFilterChain.doFilter(ApplicationFilterChain.java:153)
	at org.apache.tomcat.websocket.server.WsFilter.doFilter(WsFilter.java:51)
	at org.apache.catalina.core.ApplicationFilterChain.internalDoFilter(ApplicationFilterChain.java:178)
	at org.apache.catalina.core.ApplicationFilterChain.doFilter(ApplicationFilterChain.java:153)
	at org.springframework.web.filter.CorsFilter.doFilterInternal(CorsFilter.java:91)
	at org.springframework.web.filter.OncePerRequestFilter.doFilter(OncePerRequestFilter.java:117)
	at org.apache.catalina.core.ApplicationFilterChain.internalDoFilter(ApplicationFilterChain.java:178)
	at org.apache.catalina.core.ApplicationFilterChain.doFilter(ApplicationFilterChain.java:153)
	at org.springframework.boot.actuate.metrics.web.servlet.WebMvcMetricsFilter.doFilterInternal(WebMvcMetricsFilter.java:96)
	at org.springframework.web.filter.OncePerRequestFilter.doFilter(OncePerRequestFilter.java:117)
	at org.apache.catalina.core.ApplicationFilterChain.internalDoFilter(ApplicationFilterChain.java:178)
	at org.apache.catalina.core.ApplicationFilterChain.doFilter(ApplicationFilterChain.java:153)
	at org.springframework.web.filter.CharacterEncodingFilter.doFilterInternal(CharacterEncodingFilter.java:201)
	at org.springframework.web.filter.OncePerRequestFilter.doFilter(OncePerRequestFilter.java:117)
	at org.apache.catalina.core.ApplicationFilterChain.internalDoFilter(ApplicationFilterChain.java:178)
	at org.apache.catalina.core.ApplicationFilterChain.doFilter(ApplicationFilterChain.java:153)
	at org.apache.catalina.core.StandardWrapperValve.invoke(StandardWrapperValve.java:167)
	at org.apache.catalina.core.StandardContextValve.invoke(StandardContextValve.java:90)
	at org.apache.catalina.authenticator.AuthenticatorBase.invoke(AuthenticatorBase.java:481)
	at org.apache.catalina.core.StandardHostValve.invoke(StandardHostValve.java:130)
	at org.apache.catalina.valves.ErrorReportValve.invoke(ErrorReportValve.java:93)
	at org.apache.catalina.core.StandardEngineValve.invoke(StandardEngineValve.java:74)
	at org.apache.catalina.valves.RemoteIpValve.invoke(RemoteIpValve.java:768)
	at org.apache.catalina.connector.CoyoteAdapter.service(CoyoteAdapter.java:343)
	at org.apache.coyote.http11.Http11Processor.service(Http11Processor.java:390)
	at org.apache.coyote.AbstractProcessorLight.process(AbstractProcessorLight.java:63)
	at org.apache.coyote.AbstractProtocol$ConnectionHandler.process(AbstractProtocol.java:926)
	at org.apache.tomcat.util.net.NioEndpoint$SocketProcessor.doRun(NioEndpoint.java:1791)
	at org.apache.tomcat.util.net.SocketProcessorBase.run(SocketProcessorBase.java:52)
	at org.apache.tomcat.util.threads.ThreadPoolExecutor.runWorker(ThreadPoolExecutor.java:1191)
	at org.apache.tomcat.util.threads.ThreadPoolExecutor$Worker.run(ThreadPoolExecutor.java:659)
	at org.apache.tomcat.util.threads.TaskThread$WrappingRunnable.run(TaskThread.java:61)
	at java.base/java.lang.Thread.run(Thread.java:840)
Caused by: java.sql.SQLSyntaxErrorException: Unknown column 'remark' in 'SELECT'
	at com.mysql.cj.jdbc.exceptions.SQLError.createSQLException(SQLError.java:121)
	at com.mysql.cj.jdbc.exceptions.SQLExceptionsMapping.translateException(SQLExceptionsMapping.java:122)
	at com.mysql.cj.jdbc.ClientPreparedStatement.executeInternal(ClientPreparedStatement.java:916)
	at com.mysql.cj.jdbc.ClientPreparedStatement.execute(ClientPreparedStatement.java:354)
	at com.alibaba.druid.pool.DruidPooledPreparedStatement.execute(DruidPooledPreparedStatement.java:483)
	at java.base/jdk.internal.reflect.NativeMethodAccessorImpl.invoke0(Native Method)
	at java.base/jdk.internal.reflect.NativeMethodAccessorImpl.invoke(NativeMethodAccessorImpl.java:77)
	at java.base/jdk.internal.reflect.DelegatingMethodAccessorImpl.invoke(DelegatingMethodAccessorImpl.java:43)
	at java.base/java.lang.reflect.Method.invoke(Method.java:569)
	at org.apache.ibatis.logging.jdbc.PreparedStatementLogger.invoke(PreparedStatementLogger.java:59)
	at jdk.proxy3/jdk.proxy3.$Proxy147.execute(Unknown Source)
	at org.apache.ibatis.executor.statement.PreparedStatementHandler.query(PreparedStatementHandler.java:64)
	at org.apache.ibatis.executor.statement.RoutingStatementHandler.query(RoutingStatementHandler.java:79)
	at java.base/jdk.internal.reflect.NativeMethodAccessorImpl.invoke0(Native Method)
	at java.base/jdk.internal.reflect.NativeMethodAccessorImpl.invoke(NativeMethodAccessorImpl.java:77)
	at java.base/jdk.internal.reflect.DelegatingMethodAccessorImpl.invoke(DelegatingMethodAccessorImpl.java:43)
	at java.base/java.lang.reflect.Method.invoke(Method.java:569)
	at org.apache.ibatis.plugin.Plugin.invoke(Plugin.java:64)
	at jdk.proxy2/jdk.proxy2.$Proxy145.query(Unknown Source)
	at org.apache.ibatis.executor.SimpleExecutor.doQuery(SimpleExecutor.java:63)
	at org.apache.ibatis.executor.BaseExecutor.queryFromDatabase(BaseExecutor.java:325)
	at org.apache.ibatis.executor.BaseExecutor.query(BaseExecutor.java:156)
	at com.baomidou.mybatisplus.extension.plugins.MybatisPlusInterceptor.intercept(MybatisPlusInterceptor.java:81)
	at org.apache.ibatis.plugin.Plugin.invoke(Plugin.java:62)
	at jdk.proxy2/jdk.proxy2.$Proxy144.query(Unknown Source)
	at org.apache.ibatis.session.defaults.DefaultSqlSession.selectList(DefaultSqlSession.java:151)
	at org.apache.ibatis.session.defaults.DefaultSqlSession.selectList(DefaultSqlSession.java:145)
	at org.apache.ibatis.session.defaults.DefaultSqlSession.selectList(DefaultSqlSession.java:140)
	at java.base/jdk.internal.reflect.NativeMethodAccessorImpl.invoke0(Native Method)
	at java.base/jdk.internal.reflect.NativeMethodAccessorImpl.invoke(NativeMethodAccessorImpl.java:77)
	at java.base/jdk.internal.reflect.DelegatingMethodAccessorImpl.invoke(DelegatingMethodAccessorImpl.java:43)
	at java.base/java.lang.reflect.Method.invoke(Method.java:569)
	at org.mybatis.spring.SqlSessionTemplate$SqlSessionInterceptor.invoke(SqlSessionTemplate.java:427)
	... 61 common frames omitted
Creating a new SqlSession
SqlSession [org.apache.ibatis.session.defaults.DefaultSqlSession@75776a5] was not registered for synchronization because synchronization is not active
JDBC Connection [com.mysql.cj.jdbc.ConnectionImpl@41b7f155] will not be managed by Spring
==>  Preparing: SELECT t.*, p.person_name as leader_name, (SELECT COUNT(1) FROM person_info WHERE team_id = t.id AND del_flag = '0' AND status = '0') as member_count FROM team_info t LEFT JOIN person_info p ON t.leader_id = p.id WHERE t.del_flag = '0' ORDER BY t.parent_id, t.order_num
==> Parameters: 
<==    Columns: id, parent_id, team_code, team_name, team_type, leader_id, ancestors, order_num, status, del_flag, create_by, create_time, update_by, update_time, remark, leader_name, member_count
Creating a new SqlSession
SqlSession [org.apache.ibatis.session.defaults.DefaultSqlSession@3d145db9] was not registered for synchronization because synchronization is not active
<==        Row: 1, 0, T001, 核电技术研发中心, department, null, 0, 1, 0, 0, admin, 2025-08-03 16:39:20, null, null, 核电技术研发中心, null, 2
<==        Row: 2, 1, T002, 反应堆设计部, department, null, 0,1, 1, 0, 0, admin, 2025-08-03 16:39:20, null, null, 反应堆设计部, null, 2
<==        Row: 3, 1, T003, 核安全分析部, department, null, 0,1, 2, 0, 0, admin, 2025-08-03 16:39:20, null, null, 核安全分析部, null, 2
<==        Row: 4, 1, T004, 核燃料管理部, department, null, 0,1, 3, 0, 0, admin, 2025-08-03 16:39:20, null, null, 核燃料管理部, null, 1
<==        Row: 5, 2, T005, 堆芯设计组, team, null, 0,1,2, 1, 0, 0, admin, 2025-08-03 16:39:20, null, null, 堆芯设计组, null, 2
<==        Row: 6, 2, T006, 系统设计组, team, null, 0,1,2, 2, 0, 0, admin, 2025-08-03 16:39:20, null, null, 系统设计组, null, 1
<==      Total: 6
Closing non transactional SqlSession [org.apache.ibatis.session.defaults.DefaultSqlSession@75776a5]
JDBC Connection [com.mysql.cj.jdbc.ConnectionImpl@41b7f155] will not be managed by Spring
==>  Preparing: SELECT COUNT(*) AS total FROM person_info p WHERE p.del_flag = '0'
==> Parameters: 
<==    Columns: total
<==        Row: 10
<==      Total: 1
==>  Preparing: SELECT p.*, t.team_name, TIMESTAMPDIFF(YEAR, p.birth_date, CURDATE()) as age, TIMESTAMPDIFF(YEAR, p.work_start_date, CURDATE()) as work_years, TIMESTAMPDIFF(YEAR, p.join_date, CURDATE()) as company_years FROM person_info p LEFT JOIN team_info t ON p.team_id = t.id WHERE p.del_flag = '0' ORDER BY p.create_time DESC LIMIT ?
==> Parameters: 10(Long)
<==    Columns: id, person_code, person_name, gender, birth_date, id_card, phone, email, education, degree, graduate_school, major, work_start_date, join_date, job_title, job_level, position, team_id, work_location, employment_type, political_status, photo_url, status, del_flag, create_by, create_time, update_by, update_time, remark, team_name, age, work_years, company_years
<==        Row: 1, NP001, 张伟, 1, 1985-03-15, 110101198503150001, 13800138001, zhangwei@cgn.com.cn, 硕士, 工学硕士, 清华大学, 核工程与核技术, 2008-07-01, 2010-03-01, 高级工程师, P7, 反应堆设计工程师, 2, 深圳, 正式员工, 中共党员, null, 0, 0, admin, 2025-08-03 16:39:20, null, null, 反应堆设计专家, 反应堆设计部, 40, 17, 15
<==        Row: 2, NP002, 李娜, 0, 1990-08-22, 110101199008220002, 13800138002, lina@cgn.com.cn, 博士, 工学博士, 中科院, 核科学与技术, 2015-07-01, 2015-09-01, 工程师, P6, 核安全分析工程师, 3, 深圳, 正式员工, 中共党员, null, 0, 0, admin, 2025-08-03 16:39:20, null, null, 核安全分析专家, 核安全分析部, 34, 10, 9
<==        Row: 3, NP003, 王强, 1, 1988-12-10, 110101198812100003, 13800138003, wangqiang@cgn.com.cn, 硕士, 工学硕士, 西安交通大学, 核工程与核技术, 2012-07-01, 2013-01-01, 主管工程师, P6, 堆芯设计工程师, 5, 深圳, 正式员工, 群众, null, 0, 0, admin, 2025-08-03 16:39:20, null, null, 堆芯设计骨干, 堆芯设计组, 36, 13, 12
<==        Row: 4, NP004, 刘洋, 1, 1987-05-18, 110101198705180004, 13800138004, liuyang@cgn.com.cn, 本科, 工学学士, 华中科技大学, 核工程与核技术, 2010-07-01, 2011-03-01, 高级工程师, P7, 系统设计工程师, 6, 深圳, 正式员工, 中共党员, null, 0, 0, admin, 2025-08-03 16:39:20, null, null, 系统设计专家, 系统设计组, 38, 15, 14
<==        Row: 5, NP005, 陈静, 0, 1992-11-03, 110101199211030005, 13800138005, chenjing@cgn.com.cn, 硕士, 工学硕士, 上海交通大学, 核工程与核技术, 2016-07-01, 2016-09-01, 工程师, P5, 核燃料工程师, 4, 深圳, 正式员工, 共青团员, null, 0, 0, admin, 2025-08-03 16:39:20, null, null, 核燃料管理专员, 核燃料管理部, 32, 9, 8
<==        Row: 6, NP006, 赵军, 1, 1983-09-25, 110101198309250006, 13800138006, zhaojun@cgn.com.cn, 博士, 工学博士, 北京理工大学, 核科学与技术, 2008-07-01, 2009-01-01, 资深工程师, P8, 技术总监, 1, 深圳, 正式员工, 中共党员, null, 0, 0, admin, 2025-08-03 16:39:20, null, null, 技术总监, 核电技术研发中心, 41, 17, 16
<==        Row: 7, NP007, 孙丽, 0, 1989-07-14, 110101198907140007, 13800138007, sunli@cgn.com.cn, 硕士, 工学硕士, 哈尔滨工程大学, 核工程与核技术, 2013-07-01, 2014-02-01, 主管工程师, P6, 核安全工程师, 3, 深圳, 正式员工, 中共党员, null, 0, 0, admin, 2025-08-03 16:39:20, null, null, 核安全专家, 核安全分析部, 36, 12, 11
<==        Row: 8, NP008, 周明, 1, 1991-04-08, 110101199104080008, 13800138008, zhouming@cgn.com.cn, 本科, 工学学士, 东北大学, 核工程与核技术, 2014-07-01, 2015-01-01, 工程师, P5, 设计工程师, 5, 深圳, 正式员工, 群众, null, 0, 0, admin, 2025-08-03 16:39:20, null, null, 设计工程师, 堆芯设计组, 34, 11, 10
<==        Row: 9, NP009, 吴敏, 0, 1986-01-30, 110101198601300009, 13800138009, wumin@cgn.com.cn, 硕士, 工学硕士, 大连理工大学, 核工程与核技术, 2009-07-01, 2010-08-01, 高级工程师, P7, 项目经理, 2, 深圳, 正式员工, 中共党员, null, 0, 0, admin, 2025-08-03 16:39:20, null, null, 项目管理专家, 反应堆设计部, 39, 16, 15
<==        Row: 10, NP010, 郑华, 1, 1984-06-12, 110101198406120010, 13800138010, zhenghua@cgn.com.cn, 博士, 工学博士, 中南大学, 核科学与技术, 2009-07-01, 2010-01-01, 资深工程师, P8, 研发总监, 1, 深圳, 正式员工, 中共党员, null, 0, 0, admin, 2025-08-03 16:39:20, null, null, 研发总监, 核电技术研发中心, 41, 16, 15
<==      Total: 10
Closing non transactional SqlSession [org.apache.ibatis.session.defaults.DefaultSqlSession@3d145db9]
Creating a new SqlSession
SqlSession [org.apache.ibatis.session.defaults.DefaultSqlSession@64307ead] was not registered for synchronization because synchronization is not active
JDBC Connection [com.mysql.cj.jdbc.ConnectionImpl@41b7f155] will not be managed by Spring
==>  Preparing: SELECT COUNT(*) AS total FROM person_info p WHERE p.del_flag = '0'
==> Parameters: 
<==    Columns: total
<==        Row: 10
<==      Total: 1
==>  Preparing: SELECT p.*, t.team_name, TIMESTAMPDIFF(YEAR, p.birth_date, CURDATE()) as age, TIMESTAMPDIFF(YEAR, p.work_start_date, CURDATE()) as work_years, TIMESTAMPDIFF(YEAR, p.join_date, CURDATE()) as company_years FROM person_info p LEFT JOIN team_info t ON p.team_id = t.id WHERE p.del_flag = '0' ORDER BY p.create_time DESC LIMIT ?
==> Parameters: 10(Long)
<==    Columns: id, person_code, person_name, gender, birth_date, id_card, phone, email, education, degree, graduate_school, major, work_start_date, join_date, job_title, job_level, position, team_id, work_location, employment_type, political_status, photo_url, status, del_flag, create_by, create_time, update_by, update_time, remark, team_name, age, work_years, company_years
<==        Row: 1, NP001, 张伟, 1, 1985-03-15, 110101198503150001, 13800138001, zhangwei@cgn.com.cn, 硕士, 工学硕士, 清华大学, 核工程与核技术, 2008-07-01, 2010-03-01, 高级工程师, P7, 反应堆设计工程师, 2, 深圳, 正式员工, 中共党员, null, 0, 0, admin, 2025-08-03 16:39:20, null, null, 反应堆设计专家, 反应堆设计部, 40, 17, 15
<==        Row: 2, NP002, 李娜, 0, 1990-08-22, 110101199008220002, 13800138002, lina@cgn.com.cn, 博士, 工学博士, 中科院, 核科学与技术, 2015-07-01, 2015-09-01, 工程师, P6, 核安全分析工程师, 3, 深圳, 正式员工, 中共党员, null, 0, 0, admin, 2025-08-03 16:39:20, null, null, 核安全分析专家, 核安全分析部, 34, 10, 9
<==        Row: 3, NP003, 王强, 1, 1988-12-10, 110101198812100003, 13800138003, wangqiang@cgn.com.cn, 硕士, 工学硕士, 西安交通大学, 核工程与核技术, 2012-07-01, 2013-01-01, 主管工程师, P6, 堆芯设计工程师, 5, 深圳, 正式员工, 群众, null, 0, 0, admin, 2025-08-03 16:39:20, null, null, 堆芯设计骨干, 堆芯设计组, 36, 13, 12
<==        Row: 4, NP004, 刘洋, 1, 1987-05-18, 110101198705180004, 13800138004, liuyang@cgn.com.cn, 本科, 工学学士, 华中科技大学, 核工程与核技术, 2010-07-01, 2011-03-01, 高级工程师, P7, 系统设计工程师, 6, 深圳, 正式员工, 中共党员, null, 0, 0, admin, 2025-08-03 16:39:20, null, null, 系统设计专家, 系统设计组, 38, 15, 14
<==        Row: 5, NP005, 陈静, 0, 1992-11-03, 110101199211030005, 13800138005, chenjing@cgn.com.cn, 硕士, 工学硕士, 上海交通大学, 核工程与核技术, 2016-07-01, 2016-09-01, 工程师, P5, 核燃料工程师, 4, 深圳, 正式员工, 共青团员, null, 0, 0, admin, 2025-08-03 16:39:20, null, null, 核燃料管理专员, 核燃料管理部, 32, 9, 8
<==        Row: 6, NP006, 赵军, 1, 1983-09-25, 110101198309250006, 13800138006, zhaojun@cgn.com.cn, 博士, 工学博士, 北京理工大学, 核科学与技术, 2008-07-01, 2009-01-01, 资深工程师, P8, 技术总监, 1, 深圳, 正式员工, 中共党员, null, 0, 0, admin, 2025-08-03 16:39:20, null, null, 技术总监, 核电技术研发中心, 41, 17, 16
<==        Row: 7, NP007, 孙丽, 0, 1989-07-14, 110101198907140007, 13800138007, sunli@cgn.com.cn, 硕士, 工学硕士, 哈尔滨工程大学, 核工程与核技术, 2013-07-01, 2014-02-01, 主管工程师, P6, 核安全工程师, 3, 深圳, 正式员工, 中共党员, null, 0, 0, admin, 2025-08-03 16:39:20, null, null, 核安全专家, 核安全分析部, 36, 12, 11
<==        Row: 8, NP008, 周明, 1, 1991-04-08, 110101199104080008, 13800138008, zhouming@cgn.com.cn, 本科, 工学学士, 东北大学, 核工程与核技术, 2014-07-01, 2015-01-01, 工程师, P5, 设计工程师, 5, 深圳, 正式员工, 群众, null, 0, 0, admin, 2025-08-03 16:39:20, null, null, 设计工程师, 堆芯设计组, 34, 11, 10
<==        Row: 9, NP009, 吴敏, 0, 1986-01-30, 110101198601300009, 13800138009, wumin@cgn.com.cn, 硕士, 工学硕士, 大连理工大学, 核工程与核技术, 2009-07-01, 2010-08-01, 高级工程师, P7, 项目经理, 2, 深圳, 正式员工, 中共党员, null, 0, 0, admin, 2025-08-03 16:39:20, null, null, 项目管理专家, 反应堆设计部, 39, 16, 15
<==        Row: 10, NP010, 郑华, 1, 1984-06-12, 110101198406120010, 13800138010, zhenghua@cgn.com.cn, 博士, 工学博士, 中南大学, 核科学与技术, 2009-07-01, 2010-01-01, 资深工程师, P8, 研发总监, 1, 深圳, 正式员工, 中共党员, null, 0, 0, admin, 2025-08-03 16:39:20, null, null, 研发总监, 核电技术研发中心, 41, 16, 15
<==      Total: 10
Closing non transactional SqlSession [org.apache.ibatis.session.defaults.DefaultSqlSession@64307ead]
Creating a new SqlSession
SqlSession [org.apache.ibatis.session.defaults.DefaultSqlSession@b72e34d] was not registered for synchronization because synchronization is not active
Creating a new SqlSession
SqlSession [org.apache.ibatis.session.defaults.DefaultSqlSession@69ec93f7] was not registered for synchronization because synchronization is not active
JDBC Connection [com.mysql.cj.jdbc.ConnectionImpl@41b7f155] will not be managed by Spring
==>  Preparing: SELECT t.*, p.person_name as leader_name, (SELECT COUNT(1) FROM person_info WHERE team_id = t.id AND del_flag = '0' AND status = '0') as member_count FROM team_info t LEFT JOIN person_info p ON t.leader_id = p.id WHERE t.del_flag = '0' ORDER BY t.parent_id, t.order_num
==> Parameters: 
<==    Columns: id, parent_id, team_code, team_name, team_type, leader_id, ancestors, order_num, status, del_flag, create_by, create_time, update_by, update_time, remark, leader_name, member_count
JDBC Connection [com.mysql.cj.jdbc.ConnectionImpl@6314f887] will not be managed by Spring
==>  Preparing: SELECT COUNT(*) AS total FROM person_info p WHERE p.del_flag = '0'
<==        Row: 1, 0, T001, 核电技术研发中心, department, null, 0, 1, 0, 0, admin, 2025-08-03 16:39:20, null, null, 核电技术研发中心, null, 2
==> Parameters: 
<==    Columns: total
<==        Row: 10
<==      Total: 1
<==        Row: 2, 1, T002, 反应堆设计部, department, null, 0,1, 1, 0, 0, admin, 2025-08-03 16:39:20, null, null, 反应堆设计部, null, 2
<==        Row: 3, 1, T003, 核安全分析部, department, null, 0,1, 2, 0, 0, admin, 2025-08-03 16:39:20, null, null, 核安全分析部, null, 2
==>  Preparing: SELECT p.*, t.team_name, TIMESTAMPDIFF(YEAR, p.birth_date, CURDATE()) as age, TIMESTAMPDIFF(YEAR, p.work_start_date, CURDATE()) as work_years, TIMESTAMPDIFF(YEAR, p.join_date, CURDATE()) as company_years FROM person_info p LEFT JOIN team_info t ON p.team_id = t.id WHERE p.del_flag = '0' ORDER BY p.create_time DESC LIMIT ?
==> Parameters: 10(Long)
<==        Row: 4, 1, T004, 核燃料管理部, department, null, 0,1, 3, 0, 0, admin, 2025-08-03 16:39:20, null, null, 核燃料管理部, null, 1
<==        Row: 5, 2, T005, 堆芯设计组, team, null, 0,1,2, 1, 0, 0, admin, 2025-08-03 16:39:20, null, null, 堆芯设计组, null, 2
<==        Row: 6, 2, T006, 系统设计组, team, null, 0,1,2, 2, 0, 0, admin, 2025-08-03 16:39:20, null, null, 系统设计组, null, 1
<==    Columns: id, person_code, person_name, gender, birth_date, id_card, phone, email, education, degree, graduate_school, major, work_start_date, join_date, job_title, job_level, position, team_id, work_location, employment_type, political_status, photo_url, status, del_flag, create_by, create_time, update_by, update_time, remark, team_name, age, work_years, company_years
<==      Total: 6
Closing non transactional SqlSession [org.apache.ibatis.session.defaults.DefaultSqlSession@b72e34d]
<==        Row: 1, NP001, 张伟, 1, 1985-03-15, 110101198503150001, 13800138001, zhangwei@cgn.com.cn, 硕士, 工学硕士, 清华大学, 核工程与核技术, 2008-07-01, 2010-03-01, 高级工程师, P7, 反应堆设计工程师, 2, 深圳, 正式员工, 中共党员, null, 0, 0, admin, 2025-08-03 16:39:20, null, null, 反应堆设计专家, 反应堆设计部, 40, 17, 15
<==        Row: 2, NP002, 李娜, 0, 1990-08-22, 110101199008220002, 13800138002, lina@cgn.com.cn, 博士, 工学博士, 中科院, 核科学与技术, 2015-07-01, 2015-09-01, 工程师, P6, 核安全分析工程师, 3, 深圳, 正式员工, 中共党员, null, 0, 0, admin, 2025-08-03 16:39:20, null, null, 核安全分析专家, 核安全分析部, 34, 10, 9
<==        Row: 3, NP003, 王强, 1, 1988-12-10, 110101198812100003, 13800138003, wangqiang@cgn.com.cn, 硕士, 工学硕士, 西安交通大学, 核工程与核技术, 2012-07-01, 2013-01-01, 主管工程师, P6, 堆芯设计工程师, 5, 深圳, 正式员工, 群众, null, 0, 0, admin, 2025-08-03 16:39:20, null, null, 堆芯设计骨干, 堆芯设计组, 36, 13, 12
<==        Row: 4, NP004, 刘洋, 1, 1987-05-18, 110101198705180004, 13800138004, liuyang@cgn.com.cn, 本科, 工学学士, 华中科技大学, 核工程与核技术, 2010-07-01, 2011-03-01, 高级工程师, P7, 系统设计工程师, 6, 深圳, 正式员工, 中共党员, null, 0, 0, admin, 2025-08-03 16:39:20, null, null, 系统设计专家, 系统设计组, 38, 15, 14
<==        Row: 5, NP005, 陈静, 0, 1992-11-03, 110101199211030005, 13800138005, chenjing@cgn.com.cn, 硕士, 工学硕士, 上海交通大学, 核工程与核技术, 2016-07-01, 2016-09-01, 工程师, P5, 核燃料工程师, 4, 深圳, 正式员工, 共青团员, null, 0, 0, admin, 2025-08-03 16:39:20, null, null, 核燃料管理专员, 核燃料管理部, 32, 9, 8
<==        Row: 6, NP006, 赵军, 1, 1983-09-25, 110101198309250006, 13800138006, zhaojun@cgn.com.cn, 博士, 工学博士, 北京理工大学, 核科学与技术, 2008-07-01, 2009-01-01, 资深工程师, P8, 技术总监, 1, 深圳, 正式员工, 中共党员, null, 0, 0, admin, 2025-08-03 16:39:20, null, null, 技术总监, 核电技术研发中心, 41, 17, 16
<==        Row: 7, NP007, 孙丽, 0, 1989-07-14, 110101198907140007, 13800138007, sunli@cgn.com.cn, 硕士, 工学硕士, 哈尔滨工程大学, 核工程与核技术, 2013-07-01, 2014-02-01, 主管工程师, P6, 核安全工程师, 3, 深圳, 正式员工, 中共党员, null, 0, 0, admin, 2025-08-03 16:39:20, null, null, 核安全专家, 核安全分析部, 36, 12, 11
<==        Row: 8, NP008, 周明, 1, 1991-04-08, 110101199104080008, 13800138008, zhouming@cgn.com.cn, 本科, 工学学士, 东北大学, 核工程与核技术, 2014-07-01, 2015-01-01, 工程师, P5, 设计工程师, 5, 深圳, 正式员工, 群众, null, 0, 0, admin, 2025-08-03 16:39:20, null, null, 设计工程师, 堆芯设计组, 34, 11, 10
<==        Row: 9, NP009, 吴敏, 0, 1986-01-30, 110101198601300009, 13800138009, wumin@cgn.com.cn, 硕士, 工学硕士, 大连理工大学, 核工程与核技术, 2009-07-01, 2010-08-01, 高级工程师, P7, 项目经理, 2, 深圳, 正式员工, 中共党员, null, 0, 0, admin, 2025-08-03 16:39:20, null, null, 项目管理专家, 反应堆设计部, 39, 16, 15
<==        Row: 10, NP010, 郑华, 1, 1984-06-12, 110101198406120010, 13800138010, zhenghua@cgn.com.cn, 博士, 工学博士, 中南大学, 核科学与技术, 2009-07-01, 2010-01-01, 资深工程师, P8, 研发总监, 1, 深圳, 正式员工, 中共党员, null, 0, 0, admin, 2025-08-03 16:39:20, null, null, 研发总监, 核电技术研发中心, 41, 16, 15
<==      Total: 10
Closing non transactional SqlSession [org.apache.ibatis.session.defaults.DefaultSqlSession@69ec93f7]
Creating a new SqlSession
SqlSession [org.apache.ibatis.session.defaults.DefaultSqlSession@27e41fd3] was not registered for synchronization because synchronization is not active
JDBC Connection [com.mysql.cj.jdbc.ConnectionImpl@6314f887] will not be managed by Spring
==>  Preparing: SELECT COUNT(*) AS total FROM person_info p WHERE p.del_flag = '0'
==> Parameters: 
<==    Columns: total
<==        Row: 10
<==      Total: 1
==>  Preparing: SELECT p.*, t.team_name, TIMESTAMPDIFF(YEAR, p.birth_date, CURDATE()) as age, TIMESTAMPDIFF(YEAR, p.work_start_date, CURDATE()) as work_years, TIMESTAMPDIFF(YEAR, p.join_date, CURDATE()) as company_years FROM person_info p LEFT JOIN team_info t ON p.team_id = t.id WHERE p.del_flag = '0' ORDER BY p.create_time DESC LIMIT ?
==> Parameters: 10(Long)
<==    Columns: id, person_code, person_name, gender, birth_date, id_card, phone, email, education, degree, graduate_school, major, work_start_date, join_date, job_title, job_level, position, team_id, work_location, employment_type, political_status, photo_url, status, del_flag, create_by, create_time, update_by, update_time, remark, team_name, age, work_years, company_years
<==        Row: 1, NP001, 张伟, 1, 1985-03-15, 110101198503150001, 13800138001, zhangwei@cgn.com.cn, 硕士, 工学硕士, 清华大学, 核工程与核技术, 2008-07-01, 2010-03-01, 高级工程师, P7, 反应堆设计工程师, 2, 深圳, 正式员工, 中共党员, null, 0, 0, admin, 2025-08-03 16:39:20, null, null, 反应堆设计专家, 反应堆设计部, 40, 17, 15
<==        Row: 2, NP002, 李娜, 0, 1990-08-22, 110101199008220002, 13800138002, lina@cgn.com.cn, 博士, 工学博士, 中科院, 核科学与技术, 2015-07-01, 2015-09-01, 工程师, P6, 核安全分析工程师, 3, 深圳, 正式员工, 中共党员, null, 0, 0, admin, 2025-08-03 16:39:20, null, null, 核安全分析专家, 核安全分析部, 34, 10, 9
<==        Row: 3, NP003, 王强, 1, 1988-12-10, 110101198812100003, 13800138003, wangqiang@cgn.com.cn, 硕士, 工学硕士, 西安交通大学, 核工程与核技术, 2012-07-01, 2013-01-01, 主管工程师, P6, 堆芯设计工程师, 5, 深圳, 正式员工, 群众, null, 0, 0, admin, 2025-08-03 16:39:20, null, null, 堆芯设计骨干, 堆芯设计组, 36, 13, 12
<==        Row: 4, NP004, 刘洋, 1, 1987-05-18, 110101198705180004, 13800138004, liuyang@cgn.com.cn, 本科, 工学学士, 华中科技大学, 核工程与核技术, 2010-07-01, 2011-03-01, 高级工程师, P7, 系统设计工程师, 6, 深圳, 正式员工, 中共党员, null, 0, 0, admin, 2025-08-03 16:39:20, null, null, 系统设计专家, 系统设计组, 38, 15, 14
<==        Row: 5, NP005, 陈静, 0, 1992-11-03, 110101199211030005, 13800138005, chenjing@cgn.com.cn, 硕士, 工学硕士, 上海交通大学, 核工程与核技术, 2016-07-01, 2016-09-01, 工程师, P5, 核燃料工程师, 4, 深圳, 正式员工, 共青团员, null, 0, 0, admin, 2025-08-03 16:39:20, null, null, 核燃料管理专员, 核燃料管理部, 32, 9, 8
<==        Row: 6, NP006, 赵军, 1, 1983-09-25, 110101198309250006, 13800138006, zhaojun@cgn.com.cn, 博士, 工学博士, 北京理工大学, 核科学与技术, 2008-07-01, 2009-01-01, 资深工程师, P8, 技术总监, 1, 深圳, 正式员工, 中共党员, null, 0, 0, admin, 2025-08-03 16:39:20, null, null, 技术总监, 核电技术研发中心, 41, 17, 16
<==        Row: 7, NP007, 孙丽, 0, 1989-07-14, 110101198907140007, 13800138007, sunli@cgn.com.cn, 硕士, 工学硕士, 哈尔滨工程大学, 核工程与核技术, 2013-07-01, 2014-02-01, 主管工程师, P6, 核安全工程师, 3, 深圳, 正式员工, 中共党员, null, 0, 0, admin, 2025-08-03 16:39:20, null, null, 核安全专家, 核安全分析部, 36, 12, 11
<==        Row: 8, NP008, 周明, 1, 1991-04-08, 110101199104080008, 13800138008, zhouming@cgn.com.cn, 本科, 工学学士, 东北大学, 核工程与核技术, 2014-07-01, 2015-01-01, 工程师, P5, 设计工程师, 5, 深圳, 正式员工, 群众, null, 0, 0, admin, 2025-08-03 16:39:20, null, null, 设计工程师, 堆芯设计组, 34, 11, 10
<==        Row: 9, NP009, 吴敏, 0, 1986-01-30, 110101198601300009, 13800138009, wumin@cgn.com.cn, 硕士, 工学硕士, 大连理工大学, 核工程与核技术, 2009-07-01, 2010-08-01, 高级工程师, P7, 项目经理, 2, 深圳, 正式员工, 中共党员, null, 0, 0, admin, 2025-08-03 16:39:20, null, null, 项目管理专家, 反应堆设计部, 39, 16, 15
<==        Row: 10, NP010, 郑华, 1, 1984-06-12, 110101198406120010, 13800138010, zhenghua@cgn.com.cn, 博士, 工学博士, 中南大学, 核科学与技术, 2009-07-01, 2010-01-01, 资深工程师, P8, 研发总监, 1, 深圳, 正式员工, 中共党员, null, 0, 0, admin, 2025-08-03 16:39:20, null, null, 研发总监, 核电技术研发中心, 41, 16, 15
<==      Total: 10
Closing non transactional SqlSession [org.apache.ibatis.session.defaults.DefaultSqlSession@27e41fd3]
Creating a new SqlSession
SqlSession [org.apache.ibatis.session.defaults.DefaultSqlSession@7da5040b] was not registered for synchronization because synchronization is not active
JDBC Connection [com.mysql.cj.jdbc.ConnectionImpl@6314f887] will not be managed by Spring
==>  Preparing: SELECT COUNT(*) AS total FROM person_info p WHERE p.del_flag = '0'
==> Parameters: 
<==    Columns: total
<==        Row: 10
<==      Total: 1
==>  Preparing: SELECT p.*, t.team_name, TIMESTAMPDIFF(YEAR, p.birth_date, CURDATE()) as age, TIMESTAMPDIFF(YEAR, p.work_start_date, CURDATE()) as work_years, TIMESTAMPDIFF(YEAR, p.join_date, CURDATE()) as company_years FROM person_info p LEFT JOIN team_info t ON p.team_id = t.id WHERE p.del_flag = '0' ORDER BY p.create_time DESC LIMIT ?
==> Parameters: 1000(Long)
<==    Columns: id, person_code, person_name, gender, birth_date, id_card, phone, email, education, degree, graduate_school, major, work_start_date, join_date, job_title, job_level, position, team_id, work_location, employment_type, political_status, photo_url, status, del_flag, create_by, create_time, update_by, update_time, remark, team_name, age, work_years, company_years
<==        Row: 1, NP001, 张伟, 1, 1985-03-15, 110101198503150001, 13800138001, zhangwei@cgn.com.cn, 硕士, 工学硕士, 清华大学, 核工程与核技术, 2008-07-01, 2010-03-01, 高级工程师, P7, 反应堆设计工程师, 2, 深圳, 正式员工, 中共党员, null, 0, 0, admin, 2025-08-03 16:39:20, null, null, 反应堆设计专家, 反应堆设计部, 40, 17, 15
<==        Row: 2, NP002, 李娜, 0, 1990-08-22, 110101199008220002, 13800138002, lina@cgn.com.cn, 博士, 工学博士, 中科院, 核科学与技术, 2015-07-01, 2015-09-01, 工程师, P6, 核安全分析工程师, 3, 深圳, 正式员工, 中共党员, null, 0, 0, admin, 2025-08-03 16:39:20, null, null, 核安全分析专家, 核安全分析部, 34, 10, 9
<==        Row: 3, NP003, 王强, 1, 1988-12-10, 110101198812100003, 13800138003, wangqiang@cgn.com.cn, 硕士, 工学硕士, 西安交通大学, 核工程与核技术, 2012-07-01, 2013-01-01, 主管工程师, P6, 堆芯设计工程师, 5, 深圳, 正式员工, 群众, null, 0, 0, admin, 2025-08-03 16:39:20, null, null, 堆芯设计骨干, 堆芯设计组, 36, 13, 12
<==        Row: 4, NP004, 刘洋, 1, 1987-05-18, 110101198705180004, 13800138004, liuyang@cgn.com.cn, 本科, 工学学士, 华中科技大学, 核工程与核技术, 2010-07-01, 2011-03-01, 高级工程师, P7, 系统设计工程师, 6, 深圳, 正式员工, 中共党员, null, 0, 0, admin, 2025-08-03 16:39:20, null, null, 系统设计专家, 系统设计组, 38, 15, 14
<==        Row: 5, NP005, 陈静, 0, 1992-11-03, 110101199211030005, 13800138005, chenjing@cgn.com.cn, 硕士, 工学硕士, 上海交通大学, 核工程与核技术, 2016-07-01, 2016-09-01, 工程师, P5, 核燃料工程师, 4, 深圳, 正式员工, 共青团员, null, 0, 0, admin, 2025-08-03 16:39:20, null, null, 核燃料管理专员, 核燃料管理部, 32, 9, 8
<==        Row: 6, NP006, 赵军, 1, 1983-09-25, 110101198309250006, 13800138006, zhaojun@cgn.com.cn, 博士, 工学博士, 北京理工大学, 核科学与技术, 2008-07-01, 2009-01-01, 资深工程师, P8, 技术总监, 1, 深圳, 正式员工, 中共党员, null, 0, 0, admin, 2025-08-03 16:39:20, null, null, 技术总监, 核电技术研发中心, 41, 17, 16
<==        Row: 7, NP007, 孙丽, 0, 1989-07-14, 110101198907140007, 13800138007, sunli@cgn.com.cn, 硕士, 工学硕士, 哈尔滨工程大学, 核工程与核技术, 2013-07-01, 2014-02-01, 主管工程师, P6, 核安全工程师, 3, 深圳, 正式员工, 中共党员, null, 0, 0, admin, 2025-08-03 16:39:20, null, null, 核安全专家, 核安全分析部, 36, 12, 11
<==        Row: 8, NP008, 周明, 1, 1991-04-08, 110101199104080008, 13800138008, zhouming@cgn.com.cn, 本科, 工学学士, 东北大学, 核工程与核技术, 2014-07-01, 2015-01-01, 工程师, P5, 设计工程师, 5, 深圳, 正式员工, 群众, null, 0, 0, admin, 2025-08-03 16:39:20, null, null, 设计工程师, 堆芯设计组, 34, 11, 10
<==        Row: 9, NP009, 吴敏, 0, 1986-01-30, 110101198601300009, 13800138009, wumin@cgn.com.cn, 硕士, 工学硕士, 大连理工大学, 核工程与核技术, 2009-07-01, 2010-08-01, 高级工程师, P7, 项目经理, 2, 深圳, 正式员工, 中共党员, null, 0, 0, admin, 2025-08-03 16:39:20, null, null, 项目管理专家, 反应堆设计部, 39, 16, 15
<==        Row: 10, NP010, 郑华, 1, 1984-06-12, 110101198406120010, 13800138010, zhenghua@cgn.com.cn, 博士, 工学博士, 中南大学, 核科学与技术, 2009-07-01, 2010-01-01, 资深工程师, P8, 研发总监, 1, 深圳, 正式员工, 中共党员, null, 0, 0, admin, 2025-08-03 16:39:20, null, null, 研发总监, 核电技术研发中心, 41, 16, 15
<==      Total: 10
Closing non transactional SqlSession [org.apache.ibatis.session.defaults.DefaultSqlSession@7da5040b]
Creating a new SqlSession
SqlSession [org.apache.ibatis.session.defaults.DefaultSqlSession@5a1277e2] was not registered for synchronization because synchronization is not active
JDBC Connection [com.mysql.cj.jdbc.ConnectionImpl@6314f887] will not be managed by Spring
==>  Preparing: SELECT p.*, t.team_name, TIMESTAMPDIFF(YEAR, p.birth_date, CURDATE()) as age, TIMESTAMPDIFF(YEAR, p.work_start_date, CURDATE()) as work_years, TIMESTAMPDIFF(YEAR, p.join_date, CURDATE()) as company_years FROM person_info p LEFT JOIN team_info t ON p.team_id = t.id WHERE p.id = ? AND p.del_flag = '0'
==> Parameters: 1(Long)
<==    Columns: id, person_code, person_name, gender, birth_date, id_card, phone, email, education, degree, graduate_school, major, work_start_date, join_date, job_title, job_level, position, team_id, work_location, employment_type, political_status, photo_url, status, del_flag, create_by, create_time, update_by, update_time, remark, team_name, age, work_years, company_years
<==        Row: 1, NP001, 张伟, 1, 1985-03-15, 110101198503150001, 13800138001, zhangwei@cgn.com.cn, 硕士, 工学硕士, 清华大学, 核工程与核技术, 2008-07-01, 2010-03-01, 高级工程师, P7, 反应堆设计工程师, 2, 深圳, 正式员工, 中共党员, null, 0, 0, admin, 2025-08-03 16:39:20, null, null, 反应堆设计专家, 反应堆设计部, 40, 17, 15
<==      Total: 1
Closing non transactional SqlSession [org.apache.ibatis.session.defaults.DefaultSqlSession@5a1277e2]
Creating a new SqlSession
SqlSession [org.apache.ibatis.session.defaults.DefaultSqlSession@49cca1fc] was not registered for synchronization because synchronization is not active
JDBC Connection [com.mysql.cj.jdbc.ConnectionImpl@6314f887] will not be managed by Spring
==>  Preparing: SELECT ps.*, d1.dict_label as skill_type_name, d2.dict_label as skill_level_name FROM person_skill ps LEFT JOIN sys_dict_data d1 ON ps.skill_type = d1.dict_value AND d1.dict_type = 'skill_type' LEFT JOIN sys_dict_data d2 ON ps.skill_level = d2.dict_value AND d2.dict_type = 'skill_level' WHERE ps.person_id = ? ORDER BY ps.skill_type, ps.create_time
==> Parameters: 1(Long)
<==    Columns: id, person_id, skill_type, skill_name, skill_level, experience_years, certification, description, create_by, create_time, update_by, update_time, skill_type_name, skill_level_name
<==        Row: 1, 1, 专业技能, 反应堆物理分析, 专家, 10.5, PMP项目管理认证, <<BLOB>>, admin, 2025-08-03 16:39:20, null, null, null, null
<==        Row: 2, 1, 专业技能, 核安全分析, 高级, 8.0, null, <<BLOB>>, admin, 2025-08-03 16:39:20, null, null, null, null
<==        Row: 3, 1, 技术技能, Python编程, 中级, 5.0, null, <<BLOB>>, admin, 2025-08-03 16:39:20, null, null, null, null
<==      Total: 3
Closing non transactional SqlSession [org.apache.ibatis.session.defaults.DefaultSqlSession@49cca1fc]
Creating a new SqlSession
SqlSession [org.apache.ibatis.session.defaults.DefaultSqlSession@7ac7ddb2] was not registered for synchronization because synchronization is not active
JDBC Connection [com.mysql.cj.jdbc.ConnectionImpl@6314f887] will not be managed by Spring
==>  Preparing: SELECT pp.*, d1.dict_label as project_type_name, d2.dict_label as project_level_name, d3.dict_label as project_role_name, d4.dict_label as project_status_name, TIMESTAMPDIFF(MONTH, pp.start_date, IFNULL(pp.end_date, NOW())) as project_duration FROM person_project pp LEFT JOIN sys_dict_data d1 ON pp.project_type = d1.dict_value AND d1.dict_type = 'project_type' LEFT JOIN sys_dict_data d2 ON pp.project_level = d2.dict_value AND d2.dict_type = 'project_level' LEFT JOIN sys_dict_data d3 ON pp.project_role = d3.dict_value AND d3.dict_type = 'project_role' LEFT JOIN sys_dict_data d4 ON pp.project_status = d4.dict_value AND d4.dict_type = 'project_status' WHERE pp.person_id = ? ORDER BY pp.start_date DESC
==> Parameters: 1(Long)
<==    Columns: id, person_id, project_name, project_code, project_type, project_level, start_date, end_date, project_role, project_status, achievement, technology_stack, team_size, project_budget, description, create_by, create_time, update_by, update_time, project_type_name, project_level_name, project_role_name, project_status_name, project_duration
<==        Row: 1, 1, 华龙一号反应堆设计优化, HPR1000-OPT-2022, 研发项目, 国家级, 2022-01-01, 2024-12-31, 技术负责人, 进行中, <<BLOB>>, MATLAB,ANSYS,Python, 15, null, <<BLOB>>, admin, 2025-08-03 16:39:20, null, null, null, null, null, null, 35
<==        Row: 2, 1, 先进反应堆安全系统研究, ARS-SAFETY-2021, 研发项目, 省部级, 2021-06-01, 2023-05-31, 项目成员, 已完成, <<BLOB>>, RELAP5,TRACE, 8, null, <<BLOB>>, admin, 2025-08-03 16:39:20, null, null, null, null, null, null, 23
<==      Total: 2
Closing non transactional SqlSession [org.apache.ibatis.session.defaults.DefaultSqlSession@7ac7ddb2]
Creating a new SqlSession
SqlSession [org.apache.ibatis.session.defaults.DefaultSqlSession@7a1ecf64] was not registered for synchronization because synchronization is not active
JDBC Connection [com.mysql.cj.jdbc.ConnectionImpl@6314f887] will not be managed by Spring
==>  Preparing: SELECT pp.*, d.dict_label as performance_level_name, CONCAT(pp.year, '年', IFNULL(CONCAT('第', pp.quarter, '季度'), '')) as period_desc FROM person_performance pp LEFT JOIN sys_dict_data d ON pp.performance_level = d.dict_value AND d.dict_type = 'performance_level' WHERE pp.person_id = ? ORDER BY pp.year DESC, pp.quarter DESC
==> Parameters: 1(Long)
<==    Columns: id, person_id, year, quarter, performance_score, performance_level, kpi_completion, work_quality, work_attitude, team_contribution, improvement_suggestions, evaluator, evaluation_date, create_by, create_time, update_by, update_time, performance_level_name, period_desc
<==        Row: 3, 1, 2024, 3, 95.00, A, 96.00, 优秀, 积极, 突出, <<BLOB>>, 技术总监, 2024-09-30, admin, 2025-08-03 16:39:20, null, null, A级, 2024年第3季度
<==        Row: 2, 1, 2024, 2, 88.00, B, 90.00, 良好, 积极, 良好, <<BLOB>>, 技术总监, 2024-06-30, admin, 2025-08-03 16:39:20, null, null, B级, 2024年第2季度
<==        Row: 1, 1, 2024, 1, 92.50, A, 95.00, 优秀, 积极, 突出, <<BLOB>>, 技术总监, 2024-03-31, admin, 2025-08-03 16:39:20, null, null, A级, 2024年第1季度
<==      Total: 3
Closing non transactional SqlSession [org.apache.ibatis.session.defaults.DefaultSqlSession@7a1ecf64]
Creating a new SqlSession
SqlSession [org.apache.ibatis.session.defaults.DefaultSqlSession@311376be] was not registered for synchronization because synchronization is not active
JDBC Connection [com.mysql.cj.jdbc.ConnectionImpl@6314f887] will not be managed by Spring
==>  Preparing: SELECT pi.*, d1.dict_label as influence_type_name, d2.dict_label as influence_scope_name, TIMESTAMPDIFF(MONTH, pi.start_date, IFNULL(pi.end_date, NOW())) as tenure_months FROM person_influence pi LEFT JOIN sys_dict_data d1 ON pi.influence_type = d1.dict_value AND d1.dict_type = 'influence_type' LEFT JOIN sys_dict_data d2 ON pi.influence_scope = d2.dict_value AND d2.dict_type = 'influence_scope' WHERE pi.person_id = ? ORDER BY pi.is_current DESC, pi.start_date DESC
==> Parameters: 1(Long)
<==    Columns: id, person_id, influence_type, influence_name, organization, position_level, start_date, end_date, is_current, influence_scope, description, create_by, create_time, update_by, update_time, influence_type_name, influence_scope_name, tenure_months
<==        Row: 1, 1, 学术兼职, 中国核学会反应堆物理专业委员会委员, 中国核学会, 国家级, 2020-01-01, 2024-12-31, 1, null, <<BLOB>>, admin, 2025-08-03 16:39:20, null, null, null, null, 59
<==        Row: 2, 1, 评审专家, 国家自然科学基金评审专家, 国家自然科学基金委, 国家级, 2019-01-01, null, 1, null, <<BLOB>>, admin, 2025-08-03 16:39:20, null, null, null, null, 79
<==      Total: 2
Closing non transactional SqlSession [org.apache.ibatis.session.defaults.DefaultSqlSession@311376be]
Creating a new SqlSession
SqlSession [org.apache.ibatis.session.defaults.DefaultSqlSession@24d99015] was not registered for synchronization because synchronization is not active
JDBC Connection [com.mysql.cj.jdbc.ConnectionImpl@6314f887] will not be managed by Spring
==>  Preparing: SELECT pi.*, d1.dict_label as innovation_type_name, d2.dict_label as innovation_level_name, d3.dict_label as innovation_status_name, YEAR(pi.complete_date) as year FROM person_innovation pi LEFT JOIN sys_dict_data d1 ON pi.innovation_type = d1.dict_value AND d1.dict_type = 'innovation_type' LEFT JOIN sys_dict_data d2 ON pi.innovation_level = d2.dict_value AND d2.dict_type = 'innovation_level' LEFT JOIN sys_dict_data d3 ON pi.innovation_status = d3.dict_value AND d3.dict_type = 'innovation_status' WHERE pi.person_id = ? ORDER BY pi.complete_date DESC
==> Parameters: 1(Long)
<==    Columns: id, person_id, innovation_type, innovation_name, innovation_level, complete_date, patent_no, authors, author_order, publication, innovation_status, economic_benefit, social_benefit, description, attachment_url, create_by, create_time, update_by, update_time, innovation_type_name, innovation_level_name, innovation_status_name, year
<==        Row: 2, 1, 论文, 先进反应堆安全系统设计研究, SCI, 2023-05-20, null, 张伟,李娜, 1, Nuclear Engineering and Design, 2023, Vol.395, 已发表, null, <<BLOB>>, <<BLOB>>, null, admin, 2025-08-03 16:39:20, null, null, null, null, null, 2023
<==        Row: 1, 1, 专利, 一种新型反应堆控制棒驱动机构, 发明专利, 2021-03-15, CN202110123456.7, 张伟,李明,王强, 1, null, 已授权, null, <<BLOB>>, <<BLOB>>, null, admin, 2025-08-03 16:39:20, null, null, null, null, null, 2021
<==      Total: 2
Closing non transactional SqlSession [org.apache.ibatis.session.defaults.DefaultSqlSession@24d99015]
Creating a new SqlSession
SqlSession [org.apache.ibatis.session.defaults.DefaultSqlSession@2ff3e594] was not registered for synchronization because synchronization is not active
JDBC Connection [com.mysql.cj.jdbc.ConnectionImpl@6314f887] will not be managed by Spring
==>  Preparing: SELECT pe.*, d.dict_label as evaluation_dimension_name, (pe.dimension_score / 100) * 100 as score_percentage FROM person_evaluation pe LEFT JOIN sys_dict_data d ON pe.evaluation_dimension = d.dict_value AND d.dict_type = 'evaluation_dimension' WHERE pe.person_id = ? ORDER BY pe.evaluation_year DESC, pe.evaluation_dimension
==> Parameters: 1(Long)
<==    Columns: id, person_id, evaluation_year, evaluation_dimension, dimension_score, dimension_level, evaluation_content, strengths, weaknesses, development_suggestions, evaluator, evaluation_date, create_by, create_time, update_by, update_time, evaluation_dimension_name, score_percentage
<==        Row: 2, 1, 2024, 创新能力, 85.00, B, <<BLOB>>, <<BLOB>>, <<BLOB>>, <<BLOB>>, 技术总监, 2024-06-30, admin, 2025-08-03 16:39:20, null, null, null, 85.000000
<==        Row: 1, 1, 2024, 技术能力, 92.00, A, <<BLOB>>, <<BLOB>>, <<BLOB>>, <<BLOB>>, 技术总监, 2024-06-30, admin, 2025-08-03 16:39:20, null, null, null, 92.000000
<==      Total: 2
Closing non transactional SqlSession [org.apache.ibatis.session.defaults.DefaultSqlSession@2ff3e594]
Creating a new SqlSession
SqlSession [org.apache.ibatis.session.defaults.DefaultSqlSession@54d5addc] was not registered for synchronization because synchronization is not active
JDBC Connection [com.mysql.cj.jdbc.ConnectionImpl@6314f887] will not be managed by Spring
==>  Preparing: SELECT id,parent_id,team_code,team_name,team_type,leader_id,ancestors,order_num,status,del_flag,create_by,create_time,update_by,update_time,remark FROM team_info WHERE id=? AND del_flag='0'
==> Parameters: 1(Long)
<==    Columns: id, parent_id, team_code, team_name, team_type, leader_id, ancestors, order_num, status, del_flag, create_by, create_time, update_by, update_time, remark
<==        Row: 1, 0, T001, 核电技术研发中心, department, null, 0, 1, 0, 0, admin, 2025-08-03 16:39:20, null, null, 核电技术研发中心
<==      Total: 1
Closing non transactional SqlSession [org.apache.ibatis.session.defaults.DefaultSqlSession@54d5addc]
Creating a new SqlSession
SqlSession [org.apache.ibatis.session.defaults.DefaultSqlSession@5e2dc6ac] was not registered for synchronization because synchronization is not active
JDBC Connection [com.mysql.cj.jdbc.ConnectionImpl@6314f887] will not be managed by Spring
==>  Preparing: SELECT id,person_code,person_name,gender,birth_date,id_card,phone,email,education,degree,graduate_school,major,work_start_date,join_date,job_title,job_level,position,team_id,work_location,employment_type,political_status,photo_url,status,del_flag,create_by,create_time,update_by,update_time,remark FROM person_info WHERE del_flag='0' AND (team_id = ?)
==> Parameters: 1(Long)
<==    Columns: id, person_code, person_name, gender, birth_date, id_card, phone, email, education, degree, graduate_school, major, work_start_date, join_date, job_title, job_level, position, team_id, work_location, employment_type, political_status, photo_url, status, del_flag, create_by, create_time, update_by, update_time, remark
<==        Row: 6, NP006, 赵军, 1, 1983-09-25, 110101198309250006, 13800138006, zhaojun@cgn.com.cn, 博士, 工学博士, 北京理工大学, 核科学与技术, 2008-07-01, 2009-01-01, 资深工程师, P8, 技术总监, 1, 深圳, 正式员工, 中共党员, null, 0, 0, admin, 2025-08-03 16:39:20, null, null, 技术总监
<==        Row: 10, NP010, 郑华, 1, 1984-06-12, 110101198406120010, 13800138010, zhenghua@cgn.com.cn, 博士, 工学博士, 中南大学, 核科学与技术, 2009-07-01, 2010-01-01, 资深工程师, P8, 研发总监, 1, 深圳, 正式员工, 中共党员, null, 0, 0, admin, 2025-08-03 16:39:20, null, null, 研发总监
<==      Total: 2
Closing non transactional SqlSession [org.apache.ibatis.session.defaults.DefaultSqlSession@5e2dc6ac]
Creating a new SqlSession
SqlSession [org.apache.ibatis.session.defaults.DefaultSqlSession@1a56b32e] was not registered for synchronization because synchronization is not active
JDBC Connection [com.mysql.cj.jdbc.ConnectionImpl@6314f887] will not be managed by Spring
==>  Preparing: SELECT id,person_id,skill_type,skill_name,skill_level,experience_years,certification,description,create_by,create_time,update_by,update_time,remark FROM person_skill WHERE (person_id IN (?,?))
==> Parameters: 6(Long), 10(Long)
Closing non transactional SqlSession [org.apache.ibatis.session.defaults.DefaultSqlSession@1a56b32e]
2025-08-03 17:02:02 - 系统异常，请求路径：/api/core/portrait/team/1，异常信息：
org.springframework.jdbc.BadSqlGrammarException: 
### Error querying database.  Cause: java.sql.SQLSyntaxErrorException: Unknown column 'remark' in 'SELECT'
### The error may exist in com/cgn/talent/core/mapper/PersonSkillMapper.java (best guess)
### The error may involve defaultParameterMap
### The error occurred while setting parameters
### SQL: SELECT  id,person_id,skill_type,skill_name,skill_level,experience_years,certification,description,create_by,create_time,update_by,update_time,remark  FROM person_skill     WHERE (person_id IN (?,?))
### Cause: java.sql.SQLSyntaxErrorException: Unknown column 'remark' in 'SELECT'
; bad SQL grammar []; nested exception is java.sql.SQLSyntaxErrorException: Unknown column 'remark' in 'SELECT'
	at org.springframework.jdbc.support.SQLErrorCodeSQLExceptionTranslator.doTranslate(SQLErrorCodeSQLExceptionTranslator.java:239)
	at org.springframework.jdbc.support.AbstractFallbackSQLExceptionTranslator.translate(AbstractFallbackSQLExceptionTranslator.java:70)
	at org.mybatis.spring.MyBatisExceptionTranslator.translateExceptionIfPossible(MyBatisExceptionTranslator.java:91)
	at org.mybatis.spring.SqlSessionTemplate$SqlSessionInterceptor.invoke(SqlSessionTemplate.java:441)
	at jdk.proxy2/jdk.proxy2.$Proxy109.selectList(Unknown Source)
	at org.mybatis.spring.SqlSessionTemplate.selectList(SqlSessionTemplate.java:224)
	at com.baomidou.mybatisplus.core.override.MybatisMapperMethod.executeForMany(MybatisMapperMethod.java:166)
	at com.baomidou.mybatisplus.core.override.MybatisMapperMethod.execute(MybatisMapperMethod.java:77)
	at com.baomidou.mybatisplus.core.override.MybatisMapperProxy$PlainMethodInvoker.invoke(MybatisMapperProxy.java:148)
	at com.baomidou.mybatisplus.core.override.MybatisMapperProxy.invoke(MybatisMapperProxy.java:89)
	at jdk.proxy2/jdk.proxy2.$Proxy122.selectList(Unknown Source)
	at com.cgn.talent.core.service.impl.PortraitServiceImpl.buildSkillDistribution(PortraitServiceImpl.java:329)
	at com.cgn.talent.core.service.impl.PortraitServiceImpl.getTeamPortrait(PortraitServiceImpl.java:245)
	at com.cgn.talent.core.controller.PortraitController.getTeamPortrait(PortraitController.java:36)
	at java.base/jdk.internal.reflect.NativeMethodAccessorImpl.invoke0(Native Method)
	at java.base/jdk.internal.reflect.NativeMethodAccessorImpl.invoke(NativeMethodAccessorImpl.java:77)
	at java.base/jdk.internal.reflect.DelegatingMethodAccessorImpl.invoke(DelegatingMethodAccessorImpl.java:43)
	at java.base/java.lang.reflect.Method.invoke(Method.java:569)
	at org.springframework.web.method.support.InvocableHandlerMethod.doInvoke(InvocableHandlerMethod.java:205)
	at org.springframework.web.method.support.InvocableHandlerMethod.invokeForRequest(InvocableHandlerMethod.java:150)
	at org.springframework.web.servlet.mvc.method.annotation.ServletInvocableHandlerMethod.invokeAndHandle(ServletInvocableHandlerMethod.java:117)
	at org.springframework.web.servlet.mvc.method.annotation.RequestMappingHandlerAdapter.invokeHandlerMethod(RequestMappingHandlerAdapter.java:895)
	at org.springframework.web.servlet.mvc.method.annotation.RequestMappingHandlerAdapter.handleInternal(RequestMappingHandlerAdapter.java:808)
	at org.springframework.web.servlet.mvc.method.AbstractHandlerMethodAdapter.handle(AbstractHandlerMethodAdapter.java:87)
	at org.springframework.web.servlet.DispatcherServlet.doDispatch(DispatcherServlet.java:1072)
	at org.springframework.web.servlet.DispatcherServlet.doService(DispatcherServlet.java:965)
	at org.springframework.web.servlet.FrameworkServlet.processRequest(FrameworkServlet.java:1006)
	at org.springframework.web.servlet.FrameworkServlet.doGet(FrameworkServlet.java:898)
	at javax.servlet.http.HttpServlet.service(HttpServlet.java:529)
	at org.springframework.web.servlet.FrameworkServlet.service(FrameworkServlet.java:883)
	at javax.servlet.http.HttpServlet.service(HttpServlet.java:623)
	at org.apache.catalina.core.ApplicationFilterChain.internalDoFilter(ApplicationFilterChain.java:209)
	at org.apache.catalina.core.ApplicationFilterChain.doFilter(ApplicationFilterChain.java:153)
	at org.apache.tomcat.websocket.server.WsFilter.doFilter(WsFilter.java:51)
	at org.apache.catalina.core.ApplicationFilterChain.internalDoFilter(ApplicationFilterChain.java:178)
	at org.apache.catalina.core.ApplicationFilterChain.doFilter(ApplicationFilterChain.java:153)
	at org.springframework.web.filter.CorsFilter.doFilterInternal(CorsFilter.java:91)
	at org.springframework.web.filter.OncePerRequestFilter.doFilter(OncePerRequestFilter.java:117)
	at org.apache.catalina.core.ApplicationFilterChain.internalDoFilter(ApplicationFilterChain.java:178)
	at org.apache.catalina.core.ApplicationFilterChain.doFilter(ApplicationFilterChain.java:153)
	at org.springframework.boot.actuate.metrics.web.servlet.WebMvcMetricsFilter.doFilterInternal(WebMvcMetricsFilter.java:96)
	at org.springframework.web.filter.OncePerRequestFilter.doFilter(OncePerRequestFilter.java:117)
	at org.apache.catalina.core.ApplicationFilterChain.internalDoFilter(ApplicationFilterChain.java:178)
	at org.apache.catalina.core.ApplicationFilterChain.doFilter(ApplicationFilterChain.java:153)
	at org.springframework.web.filter.CharacterEncodingFilter.doFilterInternal(CharacterEncodingFilter.java:201)
	at org.springframework.web.filter.OncePerRequestFilter.doFilter(OncePerRequestFilter.java:117)
	at org.apache.catalina.core.ApplicationFilterChain.internalDoFilter(ApplicationFilterChain.java:178)
	at org.apache.catalina.core.ApplicationFilterChain.doFilter(ApplicationFilterChain.java:153)
	at org.apache.catalina.core.StandardWrapperValve.invoke(StandardWrapperValve.java:167)
	at org.apache.catalina.core.StandardContextValve.invoke(StandardContextValve.java:90)
	at org.apache.catalina.authenticator.AuthenticatorBase.invoke(AuthenticatorBase.java:481)
	at org.apache.catalina.core.StandardHostValve.invoke(StandardHostValve.java:130)
	at org.apache.catalina.valves.ErrorReportValve.invoke(ErrorReportValve.java:93)
	at org.apache.catalina.core.StandardEngineValve.invoke(StandardEngineValve.java:74)
	at org.apache.catalina.valves.RemoteIpValve.invoke(RemoteIpValve.java:768)
	at org.apache.catalina.connector.CoyoteAdapter.service(CoyoteAdapter.java:343)
	at org.apache.coyote.http11.Http11Processor.service(Http11Processor.java:390)
	at org.apache.coyote.AbstractProcessorLight.process(AbstractProcessorLight.java:63)
	at org.apache.coyote.AbstractProtocol$ConnectionHandler.process(AbstractProtocol.java:926)
	at org.apache.tomcat.util.net.NioEndpoint$SocketProcessor.doRun(NioEndpoint.java:1791)
	at org.apache.tomcat.util.net.SocketProcessorBase.run(SocketProcessorBase.java:52)
	at org.apache.tomcat.util.threads.ThreadPoolExecutor.runWorker(ThreadPoolExecutor.java:1191)
	at org.apache.tomcat.util.threads.ThreadPoolExecutor$Worker.run(ThreadPoolExecutor.java:659)
	at org.apache.tomcat.util.threads.TaskThread$WrappingRunnable.run(TaskThread.java:61)
	at java.base/java.lang.Thread.run(Thread.java:840)
Caused by: java.sql.SQLSyntaxErrorException: Unknown column 'remark' in 'SELECT'
	at com.mysql.cj.jdbc.exceptions.SQLError.createSQLException(SQLError.java:121)
	at com.mysql.cj.jdbc.exceptions.SQLExceptionsMapping.translateException(SQLExceptionsMapping.java:122)
	at com.mysql.cj.jdbc.ClientPreparedStatement.executeInternal(ClientPreparedStatement.java:916)
	at com.mysql.cj.jdbc.ClientPreparedStatement.execute(ClientPreparedStatement.java:354)
	at com.alibaba.druid.pool.DruidPooledPreparedStatement.execute(DruidPooledPreparedStatement.java:483)
	at jdk.internal.reflect.GeneratedMethodAccessor115.invoke(Unknown Source)
	at java.base/jdk.internal.reflect.DelegatingMethodAccessorImpl.invoke(DelegatingMethodAccessorImpl.java:43)
	at java.base/java.lang.reflect.Method.invoke(Method.java:569)
	at org.apache.ibatis.logging.jdbc.PreparedStatementLogger.invoke(PreparedStatementLogger.java:59)
	at jdk.proxy3/jdk.proxy3.$Proxy147.execute(Unknown Source)
	at org.apache.ibatis.executor.statement.PreparedStatementHandler.query(PreparedStatementHandler.java:64)
	at org.apache.ibatis.executor.statement.RoutingStatementHandler.query(RoutingStatementHandler.java:79)
	at jdk.internal.reflect.GeneratedMethodAccessor114.invoke(Unknown Source)
	at java.base/jdk.internal.reflect.DelegatingMethodAccessorImpl.invoke(DelegatingMethodAccessorImpl.java:43)
	at java.base/java.lang.reflect.Method.invoke(Method.java:569)
	at org.apache.ibatis.plugin.Plugin.invoke(Plugin.java:64)
	at jdk.proxy2/jdk.proxy2.$Proxy145.query(Unknown Source)
	at org.apache.ibatis.executor.SimpleExecutor.doQuery(SimpleExecutor.java:63)
	at org.apache.ibatis.executor.BaseExecutor.queryFromDatabase(BaseExecutor.java:325)
	at org.apache.ibatis.executor.BaseExecutor.query(BaseExecutor.java:156)
	at com.baomidou.mybatisplus.extension.plugins.MybatisPlusInterceptor.intercept(MybatisPlusInterceptor.java:81)
	at org.apache.ibatis.plugin.Plugin.invoke(Plugin.java:62)
	at jdk.proxy2/jdk.proxy2.$Proxy144.query(Unknown Source)
	at org.apache.ibatis.session.defaults.DefaultSqlSession.selectList(DefaultSqlSession.java:151)
	at org.apache.ibatis.session.defaults.DefaultSqlSession.selectList(DefaultSqlSession.java:145)
	at org.apache.ibatis.session.defaults.DefaultSqlSession.selectList(DefaultSqlSession.java:140)
	at jdk.internal.reflect.GeneratedMethodAccessor128.invoke(Unknown Source)
	at java.base/jdk.internal.reflect.DelegatingMethodAccessorImpl.invoke(DelegatingMethodAccessorImpl.java:43)
	at java.base/java.lang.reflect.Method.invoke(Method.java:569)
	at org.mybatis.spring.SqlSessionTemplate$SqlSessionInterceptor.invoke(SqlSessionTemplate.java:427)
	... 61 common frames omitted
Creating a new SqlSession
SqlSession [org.apache.ibatis.session.defaults.DefaultSqlSession@5b07a05f] was not registered for synchronization because synchronization is not active
2025-08-03 17:02:12 - Unable to make field private final java.lang.Class java.lang.invoke.SerializedLambda.capturingClass accessible: module java.base does not "opens java.lang.invoke" to unnamed module @27abe2cd
JDBC Connection [com.mysql.cj.jdbc.ConnectionImpl@6314f887] will not be managed by Spring
==>  Preparing: SELECT COUNT(*) AS total FROM sys_dict_type
==> Parameters: 
<==    Columns: total
<==        Row: 21
<==      Total: 1
==>  Preparing: SELECT id,dict_name,dict_type,description,status,create_by,create_time,update_by,update_time,remark FROM sys_dict_type ORDER BY create_time DESC LIMIT ?
==> Parameters: 1000(Long)
<==    Columns: id, dict_name, dict_type, description, status, create_by, create_time, update_by, update_time, remark
<==        Row: 1, 性别, sys_user_sex, 用户性别列表, 0, null, 2025-08-03 16:28:55, null, null, null
<==        Row: 2, 学历, education, 学历列表, 0, null, 2025-08-03 16:28:55, null, null, null
<==        Row: 3, 学位, degree, 学位列表, 0, null, 2025-08-03 16:28:55, null, null, null
<==        Row: 4, 职称, job_title, 职称列表, 0, null, 2025-08-03 16:28:55, null, null, null
<==        Row: 5, 职级, job_level, 职级列表, 0, null, 2025-08-03 16:28:55, null, null, null
<==        Row: 6, 用工类型, employment_type, 用工类型列表, 0, null, 2025-08-03 16:28:55, null, null, null
<==        Row: 7, 政治面貌, political_status, 政治面貌列表, 0, null, 2025-08-03 16:28:55, null, null, null
<==        Row: 8, 团队类型, team_type, 团队类型列表, 0, null, 2025-08-03 16:28:55, null, null, null
<==        Row: 9, 能力类型, skill_type, 专业能力类型, 0, null, 2025-08-03 16:28:55, null, null, null
<==        Row: 10, 能力等级, skill_level, 能力等级列表, 0, null, 2025-08-03 16:28:55, null, null, null
<==        Row: 11, 项目类型, project_type, 项目类型列表, 0, null, 2025-08-03 16:28:55, null, null, null
<==        Row: 12, 项目级别, project_level, 项目级别列表, 0, null, 2025-08-03 16:28:55, null, null, null
<==        Row: 13, 项目角色, project_role, 项目角色列表, 0, null, 2025-08-03 16:28:55, null, null, null
<==        Row: 14, 项目状态, project_status, 项目状态列表, 0, null, 2025-08-03 16:28:55, null, null, null
<==        Row: 15, 绩效等级, performance_level, 绩效等级列表, 0, null, 2025-08-03 16:28:55, null, null, null
<==        Row: 16, 影响力类型, influence_type, 影响力类型列表, 0, null, 2025-08-03 16:28:55, null, null, null
<==        Row: 17, 影响范围, influence_scope, 影响范围列表, 0, null, 2025-08-03 16:28:55, null, null, null
<==        Row: 18, 创新类型, innovation_type, 创新成果类型, 0, null, 2025-08-03 16:28:55, null, null, null
<==        Row: 19, 创新级别, innovation_level, 创新成果级别, 0, null, 2025-08-03 16:28:55, null, null, null
<==        Row: 20, 创新状态, innovation_status, 创新成果状态, 0, null, 2025-08-03 16:28:55, null, null, null
<==        Row: 21, 评估维度, evaluation_dimension, 人才评估维度, 0, null, 2025-08-03 16:28:55, null, null, null
<==      Total: 21
Closing non transactional SqlSession [org.apache.ibatis.session.defaults.DefaultSqlSession@5b07a05f]
Creating a new SqlSession
SqlSession [org.apache.ibatis.session.defaults.DefaultSqlSession@4d61f0ca] was not registered for synchronization because synchronization is not active
JDBC Connection [com.mysql.cj.jdbc.ConnectionImpl@6314f887] will not be managed by Spring
==>  Preparing: SELECT COUNT(*) AS total FROM sys_dict_data WHERE (dict_type = ?)
==> Parameters: sys_user_sex(String)
<==    Columns: total
<==        Row: 2
<==      Total: 1
==>  Preparing: SELECT id,dict_type,dict_label,dict_value,css_class,list_class,is_default,sort_order,status,create_by,create_time,update_by,update_time,remark FROM sys_dict_data WHERE (dict_type = ?) ORDER BY sort_order ASC LIMIT ?
==> Parameters: sys_user_sex(String), 10(Long)
<==    Columns: id, dict_type, dict_label, dict_value, css_class, list_class, is_default, sort_order, status, create_by, create_time, update_by, update_time, remark
<==        Row: 1, sys_user_sex, 男, 1, null, null, N, 1, 0, null, 2025-08-03 16:28:55, null, null, null
<==        Row: 2, sys_user_sex, 女, 2, null, null, N, 2, 0, null, 2025-08-03 16:28:55, null, null, null
<==      Total: 2
Closing non transactional SqlSession [org.apache.ibatis.session.defaults.DefaultSqlSession@4d61f0ca]
Creating a new SqlSession
SqlSession [org.apache.ibatis.session.defaults.DefaultSqlSession@c217112] was not registered for synchronization because synchronization is not active
JDBC Connection [com.mysql.cj.jdbc.ConnectionImpl@6314f887] will not be managed by Spring
==>  Preparing: SELECT COUNT(*) AS total FROM sys_dict_data WHERE (dict_type = ?)
==> Parameters: sys_user_sex(String)
<==    Columns: total
<==        Row: 2
<==      Total: 1
==>  Preparing: SELECT id,dict_type,dict_label,dict_value,css_class,list_class,is_default,sort_order,status,create_by,create_time,update_by,update_time,remark FROM sys_dict_data WHERE (dict_type = ?) ORDER BY sort_order ASC LIMIT ?
==> Parameters: sys_user_sex(String), 10(Long)
<==    Columns: id, dict_type, dict_label, dict_value, css_class, list_class, is_default, sort_order, status, create_by, create_time, update_by, update_time, remark
<==        Row: 1, sys_user_sex, 男, 1, null, null, N, 1, 0, null, 2025-08-03 16:28:55, null, null, null
<==        Row: 2, sys_user_sex, 女, 2, null, null, N, 2, 0, null, 2025-08-03 16:28:55, null, null, null
<==      Total: 2
Closing non transactional SqlSession [org.apache.ibatis.session.defaults.DefaultSqlSession@c217112]
Creating a new SqlSession
SqlSession [org.apache.ibatis.session.defaults.DefaultSqlSession@4c3e3668] was not registered for synchronization because synchronization is not active
JDBC Connection [com.mysql.cj.jdbc.ConnectionImpl@6314f887] will not be managed by Spring
==>  Preparing: SELECT t.*, p.person_name as leader_name, (SELECT COUNT(1) FROM person_info WHERE team_id = t.id AND del_flag = '0' AND status = '0') as member_count FROM team_info t LEFT JOIN person_info p ON t.leader_id = p.id WHERE t.del_flag = '0' ORDER BY t.parent_id, t.order_num
==> Parameters: 
<==    Columns: id, parent_id, team_code, team_name, team_type, leader_id, ancestors, order_num, status, del_flag, create_by, create_time, update_by, update_time, remark, leader_name, member_count
<==        Row: 1, 0, T001, 核电技术研发中心, department, null, 0, 1, 0, 0, admin, 2025-08-03 16:39:20, null, null, 核电技术研发中心, null, 2
<==        Row: 2, 1, T002, 反应堆设计部, department, null, 0,1, 1, 0, 0, admin, 2025-08-03 16:39:20, null, null, 反应堆设计部, null, 2
Creating a new SqlSession
SqlSession [org.apache.ibatis.session.defaults.DefaultSqlSession@76553ca4] was not registered for synchronization because synchronization is not active
<==        Row: 3, 1, T003, 核安全分析部, department, null, 0,1, 2, 0, 0, admin, 2025-08-03 16:39:20, null, null, 核安全分析部, null, 2
<==        Row: 4, 1, T004, 核燃料管理部, department, null, 0,1, 3, 0, 0, admin, 2025-08-03 16:39:20, null, null, 核燃料管理部, null, 1
<==        Row: 5, 2, T005, 堆芯设计组, team, null, 0,1,2, 1, 0, 0, admin, 2025-08-03 16:39:20, null, null, 堆芯设计组, null, 2
<==        Row: 6, 2, T006, 系统设计组, team, null, 0,1,2, 2, 0, 0, admin, 2025-08-03 16:39:20, null, null, 系统设计组, null, 1
<==      Total: 6
Closing non transactional SqlSession [org.apache.ibatis.session.defaults.DefaultSqlSession@4c3e3668]
JDBC Connection [com.mysql.cj.jdbc.ConnectionImpl@6314f887] will not be managed by Spring
==>  Preparing: SELECT COUNT(*) AS total FROM person_info p WHERE p.del_flag = '0'
==> Parameters: 
<==    Columns: total
<==        Row: 10
<==      Total: 1
==>  Preparing: SELECT p.*, t.team_name, TIMESTAMPDIFF(YEAR, p.birth_date, CURDATE()) as age, TIMESTAMPDIFF(YEAR, p.work_start_date, CURDATE()) as work_years, TIMESTAMPDIFF(YEAR, p.join_date, CURDATE()) as company_years FROM person_info p LEFT JOIN team_info t ON p.team_id = t.id WHERE p.del_flag = '0' ORDER BY p.create_time DESC LIMIT ?
==> Parameters: 10(Long)
<==    Columns: id, person_code, person_name, gender, birth_date, id_card, phone, email, education, degree, graduate_school, major, work_start_date, join_date, job_title, job_level, position, team_id, work_location, employment_type, political_status, photo_url, status, del_flag, create_by, create_time, update_by, update_time, remark, team_name, age, work_years, company_years
<==        Row: 1, NP001, 张伟, 1, 1985-03-15, 110101198503150001, 13800138001, zhangwei@cgn.com.cn, 硕士, 工学硕士, 清华大学, 核工程与核技术, 2008-07-01, 2010-03-01, 高级工程师, P7, 反应堆设计工程师, 2, 深圳, 正式员工, 中共党员, null, 0, 0, admin, 2025-08-03 16:39:20, null, null, 反应堆设计专家, 反应堆设计部, 40, 17, 15
<==        Row: 2, NP002, 李娜, 0, 1990-08-22, 110101199008220002, 13800138002, lina@cgn.com.cn, 博士, 工学博士, 中科院, 核科学与技术, 2015-07-01, 2015-09-01, 工程师, P6, 核安全分析工程师, 3, 深圳, 正式员工, 中共党员, null, 0, 0, admin, 2025-08-03 16:39:20, null, null, 核安全分析专家, 核安全分析部, 34, 10, 9
<==        Row: 3, NP003, 王强, 1, 1988-12-10, 110101198812100003, 13800138003, wangqiang@cgn.com.cn, 硕士, 工学硕士, 西安交通大学, 核工程与核技术, 2012-07-01, 2013-01-01, 主管工程师, P6, 堆芯设计工程师, 5, 深圳, 正式员工, 群众, null, 0, 0, admin, 2025-08-03 16:39:20, null, null, 堆芯设计骨干, 堆芯设计组, 36, 13, 12
<==        Row: 4, NP004, 刘洋, 1, 1987-05-18, 110101198705180004, 13800138004, liuyang@cgn.com.cn, 本科, 工学学士, 华中科技大学, 核工程与核技术, 2010-07-01, 2011-03-01, 高级工程师, P7, 系统设计工程师, 6, 深圳, 正式员工, 中共党员, null, 0, 0, admin, 2025-08-03 16:39:20, null, null, 系统设计专家, 系统设计组, 38, 15, 14
<==        Row: 5, NP005, 陈静, 0, 1992-11-03, 110101199211030005, 13800138005, chenjing@cgn.com.cn, 硕士, 工学硕士, 上海交通大学, 核工程与核技术, 2016-07-01, 2016-09-01, 工程师, P5, 核燃料工程师, 4, 深圳, 正式员工, 共青团员, null, 0, 0, admin, 2025-08-03 16:39:20, null, null, 核燃料管理专员, 核燃料管理部, 32, 9, 8
<==        Row: 6, NP006, 赵军, 1, 1983-09-25, 110101198309250006, 13800138006, zhaojun@cgn.com.cn, 博士, 工学博士, 北京理工大学, 核科学与技术, 2008-07-01, 2009-01-01, 资深工程师, P8, 技术总监, 1, 深圳, 正式员工, 中共党员, null, 0, 0, admin, 2025-08-03 16:39:20, null, null, 技术总监, 核电技术研发中心, 41, 17, 16
<==        Row: 7, NP007, 孙丽, 0, 1989-07-14, 110101198907140007, 13800138007, sunli@cgn.com.cn, 硕士, 工学硕士, 哈尔滨工程大学, 核工程与核技术, 2013-07-01, 2014-02-01, 主管工程师, P6, 核安全工程师, 3, 深圳, 正式员工, 中共党员, null, 0, 0, admin, 2025-08-03 16:39:20, null, null, 核安全专家, 核安全分析部, 36, 12, 11
<==        Row: 8, NP008, 周明, 1, 1991-04-08, 110101199104080008, 13800138008, zhouming@cgn.com.cn, 本科, 工学学士, 东北大学, 核工程与核技术, 2014-07-01, 2015-01-01, 工程师, P5, 设计工程师, 5, 深圳, 正式员工, 群众, null, 0, 0, admin, 2025-08-03 16:39:20, null, null, 设计工程师, 堆芯设计组, 34, 11, 10
<==        Row: 9, NP009, 吴敏, 0, 1986-01-30, 110101198601300009, 13800138009, wumin@cgn.com.cn, 硕士, 工学硕士, 大连理工大学, 核工程与核技术, 2009-07-01, 2010-08-01, 高级工程师, P7, 项目经理, 2, 深圳, 正式员工, 中共党员, null, 0, 0, admin, 2025-08-03 16:39:20, null, null, 项目管理专家, 反应堆设计部, 39, 16, 15
<==        Row: 10, NP010, 郑华, 1, 1984-06-12, 110101198406120010, 13800138010, zhenghua@cgn.com.cn, 博士, 工学博士, 中南大学, 核科学与技术, 2009-07-01, 2010-01-01, 资深工程师, P8, 研发总监, 1, 深圳, 正式员工, 中共党员, null, 0, 0, admin, 2025-08-03 16:39:20, null, null, 研发总监, 核电技术研发中心, 41, 16, 15
<==      Total: 10
Closing non transactional SqlSession [org.apache.ibatis.session.defaults.DefaultSqlSession@76553ca4]
Creating a new SqlSession
SqlSession [org.apache.ibatis.session.defaults.DefaultSqlSession@1f4ef6d2] was not registered for synchronization because synchronization is not active
JDBC Connection [com.mysql.cj.jdbc.ConnectionImpl@6314f887] will not be managed by Spring
==>  Preparing: SELECT COUNT(*) AS total FROM person_info p WHERE p.del_flag = '0'
==> Parameters: 
<==    Columns: total
<==        Row: 10
<==      Total: 1
==>  Preparing: SELECT p.*, t.team_name, TIMESTAMPDIFF(YEAR, p.birth_date, CURDATE()) as age, TIMESTAMPDIFF(YEAR, p.work_start_date, CURDATE()) as work_years, TIMESTAMPDIFF(YEAR, p.join_date, CURDATE()) as company_years FROM person_info p LEFT JOIN team_info t ON p.team_id = t.id WHERE p.del_flag = '0' ORDER BY p.create_time DESC LIMIT ?
==> Parameters: 10(Long)
<==    Columns: id, person_code, person_name, gender, birth_date, id_card, phone, email, education, degree, graduate_school, major, work_start_date, join_date, job_title, job_level, position, team_id, work_location, employment_type, political_status, photo_url, status, del_flag, create_by, create_time, update_by, update_time, remark, team_name, age, work_years, company_years
<==        Row: 1, NP001, 张伟, 1, 1985-03-15, 110101198503150001, 13800138001, zhangwei@cgn.com.cn, 硕士, 工学硕士, 清华大学, 核工程与核技术, 2008-07-01, 2010-03-01, 高级工程师, P7, 反应堆设计工程师, 2, 深圳, 正式员工, 中共党员, null, 0, 0, admin, 2025-08-03 16:39:20, null, null, 反应堆设计专家, 反应堆设计部, 40, 17, 15
<==        Row: 2, NP002, 李娜, 0, 1990-08-22, 110101199008220002, 13800138002, lina@cgn.com.cn, 博士, 工学博士, 中科院, 核科学与技术, 2015-07-01, 2015-09-01, 工程师, P6, 核安全分析工程师, 3, 深圳, 正式员工, 中共党员, null, 0, 0, admin, 2025-08-03 16:39:20, null, null, 核安全分析专家, 核安全分析部, 34, 10, 9
<==        Row: 3, NP003, 王强, 1, 1988-12-10, 110101198812100003, 13800138003, wangqiang@cgn.com.cn, 硕士, 工学硕士, 西安交通大学, 核工程与核技术, 2012-07-01, 2013-01-01, 主管工程师, P6, 堆芯设计工程师, 5, 深圳, 正式员工, 群众, null, 0, 0, admin, 2025-08-03 16:39:20, null, null, 堆芯设计骨干, 堆芯设计组, 36, 13, 12
<==        Row: 4, NP004, 刘洋, 1, 1987-05-18, 110101198705180004, 13800138004, liuyang@cgn.com.cn, 本科, 工学学士, 华中科技大学, 核工程与核技术, 2010-07-01, 2011-03-01, 高级工程师, P7, 系统设计工程师, 6, 深圳, 正式员工, 中共党员, null, 0, 0, admin, 2025-08-03 16:39:20, null, null, 系统设计专家, 系统设计组, 38, 15, 14
<==        Row: 5, NP005, 陈静, 0, 1992-11-03, 110101199211030005, 13800138005, chenjing@cgn.com.cn, 硕士, 工学硕士, 上海交通大学, 核工程与核技术, 2016-07-01, 2016-09-01, 工程师, P5, 核燃料工程师, 4, 深圳, 正式员工, 共青团员, null, 0, 0, admin, 2025-08-03 16:39:20, null, null, 核燃料管理专员, 核燃料管理部, 32, 9, 8
<==        Row: 6, NP006, 赵军, 1, 1983-09-25, 110101198309250006, 13800138006, zhaojun@cgn.com.cn, 博士, 工学博士, 北京理工大学, 核科学与技术, 2008-07-01, 2009-01-01, 资深工程师, P8, 技术总监, 1, 深圳, 正式员工, 中共党员, null, 0, 0, admin, 2025-08-03 16:39:20, null, null, 技术总监, 核电技术研发中心, 41, 17, 16
<==        Row: 7, NP007, 孙丽, 0, 1989-07-14, 110101198907140007, 13800138007, sunli@cgn.com.cn, 硕士, 工学硕士, 哈尔滨工程大学, 核工程与核技术, 2013-07-01, 2014-02-01, 主管工程师, P6, 核安全工程师, 3, 深圳, 正式员工, 中共党员, null, 0, 0, admin, 2025-08-03 16:39:20, null, null, 核安全专家, 核安全分析部, 36, 12, 11
<==        Row: 8, NP008, 周明, 1, 1991-04-08, 110101199104080008, 13800138008, zhouming@cgn.com.cn, 本科, 工学学士, 东北大学, 核工程与核技术, 2014-07-01, 2015-01-01, 工程师, P5, 设计工程师, 5, 深圳, 正式员工, 群众, null, 0, 0, admin, 2025-08-03 16:39:20, null, null, 设计工程师, 堆芯设计组, 34, 11, 10
<==        Row: 9, NP009, 吴敏, 0, 1986-01-30, 110101198601300009, 13800138009, wumin@cgn.com.cn, 硕士, 工学硕士, 大连理工大学, 核工程与核技术, 2009-07-01, 2010-08-01, 高级工程师, P7, 项目经理, 2, 深圳, 正式员工, 中共党员, null, 0, 0, admin, 2025-08-03 16:39:20, null, null, 项目管理专家, 反应堆设计部, 39, 16, 15
<==        Row: 10, NP010, 郑华, 1, 1984-06-12, 110101198406120010, 13800138010, zhenghua@cgn.com.cn, 博士, 工学博士, 中南大学, 核科学与技术, 2009-07-01, 2010-01-01, 资深工程师, P8, 研发总监, 1, 深圳, 正式员工, 中共党员, null, 0, 0, admin, 2025-08-03 16:39:20, null, null, 研发总监, 核电技术研发中心, 41, 16, 15
<==      Total: 10
Closing non transactional SqlSession [org.apache.ibatis.session.defaults.DefaultSqlSession@1f4ef6d2]
Creating a new SqlSession
SqlSession [org.apache.ibatis.session.defaults.DefaultSqlSession@73559140] was not registered for synchronization because synchronization is not active
JDBC Connection [com.mysql.cj.jdbc.ConnectionImpl@6314f887] will not be managed by Spring
==>  Preparing: SELECT t.*, p.person_name as leader_name, (SELECT COUNT(1) FROM person_info WHERE team_id = t.id AND del_flag = '0' AND status = '0') as member_count FROM team_info t LEFT JOIN person_info p ON t.leader_id = p.id WHERE t.del_flag = '0' ORDER BY t.parent_id, t.order_num
==> Parameters: 
<==    Columns: id, parent_id, team_code, team_name, team_type, leader_id, ancestors, order_num, status, del_flag, create_by, create_time, update_by, update_time, remark, leader_name, member_count
Creating a new SqlSession
SqlSession [org.apache.ibatis.session.defaults.DefaultSqlSession@4d6d0212] was not registered for synchronization because synchronization is not active
Creating a new SqlSession
SqlSession [org.apache.ibatis.session.defaults.DefaultSqlSession@61093aa6] was not registered for synchronization because synchronization is not active
JDBC Connection [com.mysql.cj.jdbc.ConnectionImpl@41b7f155] will not be managed by Spring
==>  Preparing: SELECT * FROM sys_dict_data WHERE dict_type = ? AND status = '0' ORDER BY sort_order
==> Parameters: team_level(String)
<==      Total: 0
Closing non transactional SqlSession [org.apache.ibatis.session.defaults.DefaultSqlSession@61093aa6]
<==        Row: 1, 0, T001, 核电技术研发中心, department, null, 0, 1, 0, 0, admin, 2025-08-03 16:39:20, null, null, 核电技术研发中心, null, 2
<==        Row: 2, 1, T002, 反应堆设计部, department, null, 0,1, 1, 0, 0, admin, 2025-08-03 16:39:20, null, null, 反应堆设计部, null, 2
<==        Row: 3, 1, T003, 核安全分析部, department, null, 0,1, 2, 0, 0, admin, 2025-08-03 16:39:20, null, null, 核安全分析部, null, 2
<==        Row: 4, 1, T004, 核燃料管理部, department, null, 0,1, 3, 0, 0, admin, 2025-08-03 16:39:20, null, null, 核燃料管理部, null, 1
<==        Row: 5, 2, T005, 堆芯设计组, team, null, 0,1,2, 1, 0, 0, admin, 2025-08-03 16:39:20, null, null, 堆芯设计组, null, 2
<==        Row: 6, 2, T006, 系统设计组, team, null, 0,1,2, 2, 0, 0, admin, 2025-08-03 16:39:20, null, null, 系统设计组, null, 1
<==      Total: 6
Closing non transactional SqlSession [org.apache.ibatis.session.defaults.DefaultSqlSession@73559140]
JDBC Connection [com.mysql.cj.jdbc.ConnectionImpl@6314f887] will not be managed by Spring
==>  Preparing: SELECT COUNT(*) AS total FROM person_info p WHERE p.del_flag = '0'
==> Parameters: 
<==    Columns: total
<==        Row: 10
<==      Total: 1
==>  Preparing: SELECT p.*, t.team_name, TIMESTAMPDIFF(YEAR, p.birth_date, CURDATE()) as age, TIMESTAMPDIFF(YEAR, p.work_start_date, CURDATE()) as work_years, TIMESTAMPDIFF(YEAR, p.join_date, CURDATE()) as company_years FROM person_info p LEFT JOIN team_info t ON p.team_id = t.id WHERE p.del_flag = '0' ORDER BY p.create_time DESC LIMIT ?
==> Parameters: 1000(Long)
<==    Columns: id, person_code, person_name, gender, birth_date, id_card, phone, email, education, degree, graduate_school, major, work_start_date, join_date, job_title, job_level, position, team_id, work_location, employment_type, political_status, photo_url, status, del_flag, create_by, create_time, update_by, update_time, remark, team_name, age, work_years, company_years
<==        Row: 1, NP001, 张伟, 1, 1985-03-15, 110101198503150001, 13800138001, zhangwei@cgn.com.cn, 硕士, 工学硕士, 清华大学, 核工程与核技术, 2008-07-01, 2010-03-01, 高级工程师, P7, 反应堆设计工程师, 2, 深圳, 正式员工, 中共党员, null, 0, 0, admin, 2025-08-03 16:39:20, null, null, 反应堆设计专家, 反应堆设计部, 40, 17, 15
<==        Row: 2, NP002, 李娜, 0, 1990-08-22, 110101199008220002, 13800138002, lina@cgn.com.cn, 博士, 工学博士, 中科院, 核科学与技术, 2015-07-01, 2015-09-01, 工程师, P6, 核安全分析工程师, 3, 深圳, 正式员工, 中共党员, null, 0, 0, admin, 2025-08-03 16:39:20, null, null, 核安全分析专家, 核安全分析部, 34, 10, 9
<==        Row: 3, NP003, 王强, 1, 1988-12-10, 110101198812100003, 13800138003, wangqiang@cgn.com.cn, 硕士, 工学硕士, 西安交通大学, 核工程与核技术, 2012-07-01, 2013-01-01, 主管工程师, P6, 堆芯设计工程师, 5, 深圳, 正式员工, 群众, null, 0, 0, admin, 2025-08-03 16:39:20, null, null, 堆芯设计骨干, 堆芯设计组, 36, 13, 12
<==        Row: 4, NP004, 刘洋, 1, 1987-05-18, 110101198705180004, 13800138004, liuyang@cgn.com.cn, 本科, 工学学士, 华中科技大学, 核工程与核技术, 2010-07-01, 2011-03-01, 高级工程师, P7, 系统设计工程师, 6, 深圳, 正式员工, 中共党员, null, 0, 0, admin, 2025-08-03 16:39:20, null, null, 系统设计专家, 系统设计组, 38, 15, 14
<==        Row: 5, NP005, 陈静, 0, 1992-11-03, 110101199211030005, 13800138005, chenjing@cgn.com.cn, 硕士, 工学硕士, 上海交通大学, 核工程与核技术, 2016-07-01, 2016-09-01, 工程师, P5, 核燃料工程师, 4, 深圳, 正式员工, 共青团员, null, 0, 0, admin, 2025-08-03 16:39:20, null, null, 核燃料管理专员, 核燃料管理部, 32, 9, 8
<==        Row: 6, NP006, 赵军, 1, 1983-09-25, 110101198309250006, 13800138006, zhaojun@cgn.com.cn, 博士, 工学博士, 北京理工大学, 核科学与技术, 2008-07-01, 2009-01-01, 资深工程师, P8, 技术总监, 1, 深圳, 正式员工, 中共党员, null, 0, 0, admin, 2025-08-03 16:39:20, null, null, 技术总监, 核电技术研发中心, 41, 17, 16
<==        Row: 7, NP007, 孙丽, 0, 1989-07-14, 110101198907140007, 13800138007, sunli@cgn.com.cn, 硕士, 工学硕士, 哈尔滨工程大学, 核工程与核技术, 2013-07-01, 2014-02-01, 主管工程师, P6, 核安全工程师, 3, 深圳, 正式员工, 中共党员, null, 0, 0, admin, 2025-08-03 16:39:20, null, null, 核安全专家, 核安全分析部, 36, 12, 11
<==        Row: 8, NP008, 周明, 1, 1991-04-08, 110101199104080008, 13800138008, zhouming@cgn.com.cn, 本科, 工学学士, 东北大学, 核工程与核技术, 2014-07-01, 2015-01-01, 工程师, P5, 设计工程师, 5, 深圳, 正式员工, 群众, null, 0, 0, admin, 2025-08-03 16:39:20, null, null, 设计工程师, 堆芯设计组, 34, 11, 10
<==        Row: 9, NP009, 吴敏, 0, 1986-01-30, 110101198601300009, 13800138009, wumin@cgn.com.cn, 硕士, 工学硕士, 大连理工大学, 核工程与核技术, 2009-07-01, 2010-08-01, 高级工程师, P7, 项目经理, 2, 深圳, 正式员工, 中共党员, null, 0, 0, admin, 2025-08-03 16:39:20, null, null, 项目管理专家, 反应堆设计部, 39, 16, 15
<==        Row: 10, NP010, 郑华, 1, 1984-06-12, 110101198406120010, 13800138010, zhenghua@cgn.com.cn, 博士, 工学博士, 中南大学, 核科学与技术, 2009-07-01, 2010-01-01, 资深工程师, P8, 研发总监, 1, 深圳, 正式员工, 中共党员, null, 0, 0, admin, 2025-08-03 16:39:20, null, null, 研发总监, 核电技术研发中心, 41, 16, 15
<==      Total: 10
Closing non transactional SqlSession [org.apache.ibatis.session.defaults.DefaultSqlSession@4d6d0212]
Creating a new SqlSession
SqlSession [org.apache.ibatis.session.defaults.DefaultSqlSession@1ec6a031] was not registered for synchronization because synchronization is not active
JDBC Connection [com.mysql.cj.jdbc.ConnectionImpl@6314f887] will not be managed by Spring
==>  Preparing: SELECT id,parent_id,team_code,team_name,team_type,leader_id,ancestors,order_num,status,del_flag,create_by,create_time,update_by,update_time,remark FROM team_info WHERE id=? AND del_flag='0'
==> Parameters: 5(Long)
<==    Columns: id, parent_id, team_code, team_name, team_type, leader_id, ancestors, order_num, status, del_flag, create_by, create_time, update_by, update_time, remark
<==        Row: 5, 2, T005, 堆芯设计组, team, null, 0,1,2, 1, 0, 0, admin, 2025-08-03 16:39:20, null, null, 堆芯设计组
<==      Total: 1
Closing non transactional SqlSession [org.apache.ibatis.session.defaults.DefaultSqlSession@1ec6a031]
2025-08-03 17:02:19 - No mapping for GET /api/system/team/5/statistics
